{"/home/elthinkbuntu/Documents/red-tetris/app/app.vue": {"path":"/home/elthinkbuntu/Documents/red-tetris/app/app.vue","all":false,"statementMap":{"2":{"start":{"line":3,"column":0},"end":{"line":3,"column":26}},"3":{"start":{"line":4,"column":0},"end":{"line":4,"column":24}},"4":{"start":{"line":5,"column":0},"end":{"line":5,"column":14}},"5":{"start":{"line":6,"column":0},"end":{"line":6,"column":15}},"6":{"start":{"line":7,"column":0},"end":{"line":7,"column":15}},"7":{"start":{"line":8,"column":0},"end":{"line":8,"column":7}}},"s":{"2":1,"3":1,"4":1,"5":1,"6":1,"7":1},"branchMap":{},"b":{},"fnMap":{},"f":{}}
,"/home/elthinkbuntu/Documents/red-tetris/app/components/Game.vue": {"path":"/home/elthinkbuntu/Documents/red-tetris/app/components/Game.vue","all":false,"statementMap":{"1":{"start":{"line":2,"column":0},"end":{"line":2,"column":36}},"2":{"start":{"line":3,"column":0},"end":{"line":3,"column":50}},"3":{"start":{"line":4,"column":0},"end":{"line":4,"column":48}},"4":{"start":{"line":5,"column":0},"end":{"line":5,"column":53}},"5":{"start":{"line":6,"column":0},"end":{"line":6,"column":53}},"6":{"start":{"line":7,"column":0},"end":{"line":7,"column":53}},"8":{"start":{"line":9,"column":0},"end":{"line":9,"column":32}},"9":{"start":{"line":10,"column":0},"end":{"line":10,"column":32}},"10":{"start":{"line":11,"column":0},"end":{"line":11,"column":32}},"12":{"start":{"line":13,"column":0},"end":{"line":13,"column":32}},"13":{"start":{"line":14,"column":0},"end":{"line":14,"column":22}},"14":{"start":{"line":15,"column":0},"end":{"line":15,"column":33}},"16":{"start":{"line":17,"column":0},"end":{"line":17,"column":24}},"17":{"start":{"line":18,"column":0},"end":{"line":18,"column":27}},"21":{"start":{"line":22,"column":0},"end":{"line":22,"column":55}},"22":{"start":{"line":23,"column":0},"end":{"line":23,"column":30}},"23":{"start":{"line":24,"column":0},"end":{"line":24,"column":7}},"24":{"start":{"line":25,"column":0},"end":{"line":25,"column":31}},"25":{"start":{"line":26,"column":0},"end":{"line":26,"column":31}},"26":{"start":{"line":27,"column":0},"end":{"line":27,"column":67}},"27":{"start":{"line":28,"column":0},"end":{"line":28,"column":35}},"28":{"start":{"line":29,"column":0},"end":{"line":29,"column":24}},"29":{"start":{"line":30,"column":0},"end":{"line":30,"column":10}},"30":{"start":{"line":31,"column":0},"end":{"line":31,"column":9}},"31":{"start":{"line":32,"column":0},"end":{"line":32,"column":65}},"32":{"start":{"line":33,"column":0},"end":{"line":33,"column":35}},"33":{"start":{"line":34,"column":0},"end":{"line":34,"column":25}},"34":{"start":{"line":35,"column":0},"end":{"line":35,"column":86}},"35":{"start":{"line":36,"column":0},"end":{"line":36,"column":10}},"36":{"start":{"line":37,"column":0},"end":{"line":37,"column":9}},"37":{"start":{"line":38,"column":0},"end":{"line":38,"column":64}},"38":{"start":{"line":39,"column":0},"end":{"line":39,"column":35}},"39":{"start":{"line":40,"column":0},"end":{"line":40,"column":26}},"40":{"start":{"line":41,"column":0},"end":{"line":41,"column":10}},"41":{"start":{"line":42,"column":0},"end":{"line":42,"column":9}},"42":{"start":{"line":43,"column":0},"end":{"line":43,"column":82}},"43":{"start":{"line":44,"column":0},"end":{"line":44,"column":8}},"44":{"start":{"line":45,"column":0},"end":{"line":45,"column":33}},"45":{"start":{"line":46,"column":0},"end":{"line":46,"column":14}},"46":{"start":{"line":47,"column":0},"end":{"line":47,"column":16}},"47":{"start":{"line":48,"column":0},"end":{"line":48,"column":27}},"48":{"start":{"line":49,"column":0},"end":{"line":49,"column":6}},"49":{"start":{"line":50,"column":0},"end":{"line":50,"column":9}},"50":{"start":{"line":51,"column":0},"end":{"line":51,"column":8}},"51":{"start":{"line":52,"column":0},"end":{"line":52,"column":7}}},"s":{"1":1,"2":1,"3":1,"4":1,"5":1,"6":1,"8":1,"9":1,"10":1,"12":1,"13":1,"14":1,"16":1,"17":1,"21":1,"22":3,"23":1,"24":1,"25":1,"26":1,"27":1,"28":1,"29":1,"30":1,"31":1,"32":2,"33":2,"34":2,"35":2,"36":2,"37":1,"38":1,"39":1,"40":1,"41":1,"42":1,"43":1,"44":1,"45":1,"46":1,"47":1,"48":1,"49":1,"50":1,"51":1},"branchMap":{"0":{"type":"branch","line":22,"loc":{"start":{"line":22,"column":23},"end":{"line":23,"column":30}},"locations":[{"start":{"line":22,"column":23},"end":{"line":23,"column":30}}]},"1":{"type":"branch","line":32,"loc":{"start":{"line":32,"column":30},"end":{"line":38,"column":30}},"locations":[{"start":{"line":32,"column":30},"end":{"line":38,"column":30}}]},"2":{"type":"branch","line":35,"loc":{"start":{"line":35,"column":80},"end":{"line":35,"column":86}},"locations":[{"start":{"line":35,"column":80},"end":{"line":35,"column":86}}]}},"b":{"0":[3],"1":[2],"2":[0]},"fnMap":{},"f":{}}
,"/home/elthinkbuntu/Documents/red-tetris/app/composables/socketEmiters.ts": {"path":"/home/elthinkbuntu/Documents/red-tetris/app/composables/socketEmiters.ts","all":false,"statementMap":{"0":{"start":{"line":1,"column":0},"end":{"line":1,"column":50}},"2":{"start":{"line":3,"column":0},"end":{"line":3,"column":53}},"3":{"start":{"line":4,"column":0},"end":{"line":4,"column":53}},"4":{"start":{"line":5,"column":0},"end":{"line":5,"column":36}},"9":{"start":{"line":10,"column":0},"end":{"line":10,"column":36}},"10":{"start":{"line":11,"column":0},"end":{"line":11,"column":33}},"11":{"start":{"line":12,"column":0},"end":{"line":12,"column":38}},"12":{"start":{"line":13,"column":0},"end":{"line":13,"column":33}},"13":{"start":{"line":14,"column":0},"end":{"line":14,"column":33}},"14":{"start":{"line":15,"column":0},"end":{"line":15,"column":33}},"15":{"start":{"line":16,"column":0},"end":{"line":16,"column":45}},"17":{"start":{"line":18,"column":0},"end":{"line":18,"column":41}},"19":{"start":{"line":20,"column":0},"end":{"line":20,"column":33}},"21":{"start":{"line":22,"column":0},"end":{"line":22,"column":31}},"22":{"start":{"line":23,"column":0},"end":{"line":23,"column":39}},"23":{"start":{"line":24,"column":0},"end":{"line":24,"column":24}},"24":{"start":{"line":25,"column":0},"end":{"line":25,"column":3}},"25":{"start":{"line":26,"column":0},"end":{"line":26,"column":2}},"28":{"start":{"line":29,"column":0},"end":{"line":29,"column":18}},"29":{"start":{"line":30,"column":0},"end":{"line":30,"column":15}},"30":{"start":{"line":31,"column":0},"end":{"line":31,"column":45}},"31":{"start":{"line":32,"column":0},"end":{"line":32,"column":3}},"32":{"start":{"line":33,"column":0},"end":{"line":33,"column":4}},"35":{"start":{"line":36,"column":0},"end":{"line":36,"column":20}},"36":{"start":{"line":37,"column":0},"end":{"line":37,"column":15}},"37":{"start":{"line":38,"column":0},"end":{"line":38,"column":46}},"38":{"start":{"line":39,"column":0},"end":{"line":39,"column":3}},"39":{"start":{"line":40,"column":0},"end":{"line":40,"column":26}},"40":{"start":{"line":41,"column":0},"end":{"line":41,"column":4}},"42":{"start":{"line":43,"column":0},"end":{"line":43,"column":51}},"43":{"start":{"line":44,"column":0},"end":{"line":44,"column":44}},"44":{"start":{"line":45,"column":0},"end":{"line":45,"column":34}},"45":{"start":{"line":46,"column":0},"end":{"line":46,"column":27}},"46":{"start":{"line":47,"column":0},"end":{"line":47,"column":32}},"47":{"start":{"line":48,"column":0},"end":{"line":48,"column":45}},"48":{"start":{"line":49,"column":0},"end":{"line":49,"column":31}},"49":{"start":{"line":50,"column":0},"end":{"line":50,"column":5}},"50":{"start":{"line":51,"column":0},"end":{"line":51,"column":4}},"51":{"start":{"line":52,"column":0},"end":{"line":52,"column":2}},"52":{"start":{"line":53,"column":0},"end":{"line":53,"column":35}},"53":{"start":{"line":54,"column":0},"end":{"line":54,"column":86}},"54":{"start":{"line":55,"column":0},"end":{"line":55,"column":63}},"55":{"start":{"line":56,"column":0},"end":{"line":56,"column":2}},"57":{"start":{"line":58,"column":0},"end":{"line":58,"column":27}},"58":{"start":{"line":59,"column":0},"end":{"line":59,"column":86}},"59":{"start":{"line":60,"column":0},"end":{"line":60,"column":30}},"60":{"start":{"line":61,"column":0},"end":{"line":61,"column":26}},"61":{"start":{"line":62,"column":0},"end":{"line":62,"column":31}},"62":{"start":{"line":63,"column":0},"end":{"line":63,"column":4}},"63":{"start":{"line":64,"column":0},"end":{"line":64,"column":2}},"65":{"start":{"line":66,"column":0},"end":{"line":66,"column":26}},"66":{"start":{"line":67,"column":0},"end":{"line":67,"column":91}},"67":{"start":{"line":68,"column":0},"end":{"line":68,"column":2}},"69":{"start":{"line":70,"column":0},"end":{"line":70,"column":61}},"70":{"start":{"line":71,"column":0},"end":{"line":71,"column":86}},"72":{"start":{"line":73,"column":0},"end":{"line":73,"column":33}},"74":{"start":{"line":75,"column":0},"end":{"line":75,"column":31}},"75":{"start":{"line":76,"column":0},"end":{"line":76,"column":27}},"76":{"start":{"line":77,"column":0},"end":{"line":77,"column":18}},"77":{"start":{"line":78,"column":0},"end":{"line":78,"column":39}},"78":{"start":{"line":79,"column":0},"end":{"line":79,"column":31}},"79":{"start":{"line":80,"column":0},"end":{"line":80,"column":4}},"80":{"start":{"line":81,"column":0},"end":{"line":81,"column":2}},"82":{"start":{"line":83,"column":0},"end":{"line":83,"column":36}},"83":{"start":{"line":84,"column":0},"end":{"line":84,"column":96}},"84":{"start":{"line":85,"column":0},"end":{"line":85,"column":37}},"85":{"start":{"line":86,"column":0},"end":{"line":86,"column":26}},"86":{"start":{"line":87,"column":0},"end":{"line":87,"column":15}},"87":{"start":{"line":88,"column":0},"end":{"line":88,"column":4}},"88":{"start":{"line":89,"column":0},"end":{"line":89,"column":2}},"90":{"start":{"line":91,"column":0},"end":{"line":91,"column":26}},"91":{"start":{"line":92,"column":0},"end":{"line":92,"column":68}},"93":{"start":{"line":94,"column":0},"end":{"line":94,"column":26}},"94":{"start":{"line":95,"column":0},"end":{"line":95,"column":67}},"95":{"start":{"line":96,"column":0},"end":{"line":96,"column":44}},"96":{"start":{"line":97,"column":0},"end":{"line":97,"column":30}},"97":{"start":{"line":98,"column":0},"end":{"line":98,"column":27}},"98":{"start":{"line":99,"column":0},"end":{"line":99,"column":32}},"99":{"start":{"line":100,"column":0},"end":{"line":100,"column":6}},"100":{"start":{"line":101,"column":0},"end":{"line":101,"column":4}},"102":{"start":{"line":103,"column":0},"end":{"line":103,"column":26}},"103":{"start":{"line":104,"column":0},"end":{"line":104,"column":14}},"104":{"start":{"line":105,"column":0},"end":{"line":105,"column":10}},"105":{"start":{"line":106,"column":0},"end":{"line":106,"column":64}},"106":{"start":{"line":107,"column":0},"end":{"line":107,"column":31}},"107":{"start":{"line":108,"column":0},"end":{"line":108,"column":3}},"108":{"start":{"line":109,"column":0},"end":{"line":109,"column":2}},"110":{"start":{"line":111,"column":0},"end":{"line":111,"column":118}},"111":{"start":{"line":112,"column":0},"end":{"line":112,"column":40}},"112":{"start":{"line":113,"column":0},"end":{"line":113,"column":60}},"113":{"start":{"line":114,"column":0},"end":{"line":114,"column":40}},"114":{"start":{"line":115,"column":0},"end":{"line":115,"column":33}},"115":{"start":{"line":116,"column":0},"end":{"line":116,"column":100}},"116":{"start":{"line":117,"column":0},"end":{"line":117,"column":4}},"118":{"start":{"line":119,"column":0},"end":{"line":119,"column":67}},"119":{"start":{"line":120,"column":0},"end":{"line":120,"column":37}},"120":{"start":{"line":121,"column":0},"end":{"line":121,"column":4}},"122":{"start":{"line":123,"column":0},"end":{"line":123,"column":61}},"123":{"start":{"line":124,"column":0},"end":{"line":124,"column":21}},"124":{"start":{"line":125,"column":0},"end":{"line":125,"column":78}},"125":{"start":{"line":126,"column":0},"end":{"line":126,"column":4}},"127":{"start":{"line":128,"column":0},"end":{"line":128,"column":63}},"128":{"start":{"line":129,"column":0},"end":{"line":129,"column":22}},"129":{"start":{"line":130,"column":0},"end":{"line":130,"column":24}},"130":{"start":{"line":131,"column":0},"end":{"line":131,"column":26}},"131":{"start":{"line":132,"column":0},"end":{"line":132,"column":4}},"134":{"start":{"line":135,"column":0},"end":{"line":135,"column":41}},"135":{"start":{"line":136,"column":0},"end":{"line":136,"column":44}},"136":{"start":{"line":137,"column":0},"end":{"line":137,"column":18}},"137":{"start":{"line":138,"column":0},"end":{"line":138,"column":4}},"138":{"start":{"line":139,"column":0},"end":{"line":139,"column":2}},"140":{"start":{"line":141,"column":0},"end":{"line":141,"column":34}},"141":{"start":{"line":142,"column":0},"end":{"line":142,"column":22}},"146":{"start":{"line":147,"column":0},"end":{"line":147,"column":41}},"147":{"start":{"line":148,"column":0},"end":{"line":148,"column":18}},"152":{"start":{"line":153,"column":0},"end":{"line":153,"column":42}},"153":{"start":{"line":154,"column":0},"end":{"line":154,"column":4}},"154":{"start":{"line":155,"column":0},"end":{"line":155,"column":70}},"155":{"start":{"line":156,"column":0},"end":{"line":156,"column":36}},"156":{"start":{"line":157,"column":0},"end":{"line":157,"column":4}},"157":{"start":{"line":158,"column":0},"end":{"line":158,"column":36}},"158":{"start":{"line":159,"column":0},"end":{"line":159,"column":36}},"159":{"start":{"line":160,"column":0},"end":{"line":160,"column":40}},"160":{"start":{"line":161,"column":0},"end":{"line":161,"column":74}},"161":{"start":{"line":162,"column":0},"end":{"line":162,"column":2}},"163":{"start":{"line":164,"column":0},"end":{"line":164,"column":38}},"164":{"start":{"line":165,"column":0},"end":{"line":165,"column":41}},"165":{"start":{"line":166,"column":0},"end":{"line":166,"column":26}},"166":{"start":{"line":167,"column":0},"end":{"line":167,"column":27}},"167":{"start":{"line":168,"column":0},"end":{"line":168,"column":28}},"168":{"start":{"line":169,"column":0},"end":{"line":169,"column":26}},"169":{"start":{"line":170,"column":0},"end":{"line":170,"column":2}},"171":{"start":{"line":172,"column":0},"end":{"line":172,"column":38}},"172":{"start":{"line":173,"column":0},"end":{"line":173,"column":28}},"173":{"start":{"line":174,"column":0},"end":{"line":174,"column":25}},"174":{"start":{"line":175,"column":0},"end":{"line":175,"column":27}},"175":{"start":{"line":176,"column":0},"end":{"line":176,"column":26}},"176":{"start":{"line":177,"column":0},"end":{"line":177,"column":36}},"177":{"start":{"line":178,"column":0},"end":{"line":178,"column":26}},"178":{"start":{"line":179,"column":0},"end":{"line":179,"column":2}},"180":{"start":{"line":181,"column":0},"end":{"line":181,"column":9}},"181":{"start":{"line":182,"column":0},"end":{"line":182,"column":15}},"182":{"start":{"line":183,"column":0},"end":{"line":183,"column":17}},"183":{"start":{"line":184,"column":0},"end":{"line":184,"column":12}},"184":{"start":{"line":185,"column":0},"end":{"line":185,"column":26}},"185":{"start":{"line":186,"column":0},"end":{"line":186,"column":26}},"186":{"start":{"line":187,"column":0},"end":{"line":187,"column":27}},"187":{"start":{"line":188,"column":0},"end":{"line":188,"column":27}},"188":{"start":{"line":189,"column":0},"end":{"line":189,"column":15}},"189":{"start":{"line":190,"column":0},"end":{"line":190,"column":16}},"190":{"start":{"line":191,"column":0},"end":{"line":191,"column":12}},"191":{"start":{"line":192,"column":0},"end":{"line":192,"column":21}},"192":{"start":{"line":193,"column":0},"end":{"line":193,"column":2}},"193":{"start":{"line":194,"column":0},"end":{"line":194,"column":1}}},"s":{"0":1,"2":1,"3":1,"4":1,"9":1,"10":26,"11":26,"12":26,"13":26,"14":26,"15":26,"17":26,"19":26,"21":0,"22":0,"23":0,"24":0,"25":0,"28":26,"29":0,"30":0,"31":0,"32":26,"35":26,"36":0,"37":0,"38":0,"39":0,"40":26,"42":26,"43":2,"44":2,"45":2,"46":2,"47":2,"48":2,"49":2,"50":2,"51":2,"52":26,"53":1,"54":1,"55":1,"57":26,"58":1,"59":1,"60":1,"61":1,"62":1,"63":1,"65":26,"66":1,"67":1,"69":26,"70":3,"72":2,"74":2,"75":2,"76":2,"77":3,"78":3,"79":3,"80":3,"82":26,"83":2,"84":1,"85":1,"86":1,"87":1,"88":2,"90":26,"91":4,"93":4,"94":3,"95":1,"96":1,"97":1,"98":1,"99":1,"100":3,"102":4,"103":3,"104":4,"105":1,"106":1,"107":1,"108":4,"110":26,"111":8,"112":8,"113":1,"114":1,"115":1,"116":8,"118":8,"119":1,"120":8,"122":8,"123":1,"124":1,"125":8,"127":8,"128":1,"129":1,"130":1,"131":8,"134":8,"135":1,"136":1,"137":8,"138":8,"140":26,"141":3,"146":3,"147":3,"152":3,"153":3,"154":3,"155":1,"156":3,"157":3,"158":3,"159":3,"160":3,"161":3,"163":26,"164":1,"165":1,"166":1,"167":1,"168":1,"169":1,"171":26,"172":1,"173":1,"174":1,"175":1,"176":1,"177":1,"178":1,"180":26,"181":26,"182":26,"183":26,"184":26,"185":26,"186":26,"187":26,"188":26,"189":26,"190":26,"191":26,"192":26,"193":26},"branchMap":{"0":{"type":"branch","line":10,"loc":{"start":{"line":10,"column":7},"end":{"line":194,"column":1}},"locations":[{"start":{"line":10,"column":7},"end":{"line":194,"column":1}}]},"1":{"type":"branch","line":43,"loc":{"start":{"line":43,"column":1},"end":{"line":52,"column":2}},"locations":[{"start":{"line":43,"column":1},"end":{"line":52,"column":2}}]},"2":{"type":"branch","line":44,"loc":{"start":{"line":44,"column":30},"end":{"line":51,"column":3}},"locations":[{"start":{"line":44,"column":30},"end":{"line":51,"column":3}}]},"3":{"type":"branch","line":48,"loc":{"start":{"line":48,"column":6},"end":{"line":50,"column":4}},"locations":[{"start":{"line":48,"column":6},"end":{"line":50,"column":4}}]},"4":{"type":"branch","line":53,"loc":{"start":{"line":53,"column":1},"end":{"line":56,"column":2}},"locations":[{"start":{"line":53,"column":1},"end":{"line":56,"column":2}}]},"5":{"type":"branch","line":54,"loc":{"start":{"line":54,"column":80},"end":{"line":54,"column":86}},"locations":[{"start":{"line":54,"column":80},"end":{"line":54,"column":86}}]},"6":{"type":"branch","line":58,"loc":{"start":{"line":58,"column":1},"end":{"line":64,"column":2}},"locations":[{"start":{"line":58,"column":1},"end":{"line":64,"column":2}}]},"7":{"type":"branch","line":59,"loc":{"start":{"line":59,"column":80},"end":{"line":59,"column":86}},"locations":[{"start":{"line":59,"column":80},"end":{"line":59,"column":86}}]},"8":{"type":"branch","line":66,"loc":{"start":{"line":66,"column":1},"end":{"line":68,"column":2}},"locations":[{"start":{"line":66,"column":1},"end":{"line":68,"column":2}}]},"9":{"type":"branch","line":70,"loc":{"start":{"line":70,"column":24},"end":{"line":81,"column":2}},"locations":[{"start":{"line":70,"column":24},"end":{"line":81,"column":2}}]},"10":{"type":"branch","line":71,"loc":{"start":{"line":71,"column":80},"end":{"line":71,"column":86}},"locations":[{"start":{"line":71,"column":80},"end":{"line":71,"column":86}}]},"11":{"type":"branch","line":71,"loc":{"start":{"line":71,"column":80},"end":{"line":78,"column":29}},"locations":[{"start":{"line":71,"column":80},"end":{"line":78,"column":29}}]},"12":{"type":"branch","line":78,"loc":{"start":{"line":78,"column":20},"end":{"line":78,"column":39}},"locations":[{"start":{"line":78,"column":20},"end":{"line":78,"column":39}}]},"13":{"type":"branch","line":83,"loc":{"start":{"line":83,"column":1},"end":{"line":89,"column":2}},"locations":[{"start":{"line":83,"column":1},"end":{"line":89,"column":2}}]},"14":{"type":"branch","line":84,"loc":{"start":{"line":84,"column":7},"end":{"line":84,"column":37}},"locations":[{"start":{"line":84,"column":7},"end":{"line":84,"column":37}}]},"15":{"type":"branch","line":84,"loc":{"start":{"line":84,"column":27},"end":{"line":84,"column":60}},"locations":[{"start":{"line":84,"column":27},"end":{"line":84,"column":60}}]},"16":{"type":"branch","line":84,"loc":{"start":{"line":84,"column":48},"end":{"line":84,"column":71}},"locations":[{"start":{"line":84,"column":48},"end":{"line":84,"column":71}}]},"17":{"type":"branch","line":84,"loc":{"start":{"line":84,"column":61},"end":{"line":84,"column":90}},"locations":[{"start":{"line":84,"column":61},"end":{"line":84,"column":90}}]},"18":{"type":"branch","line":84,"loc":{"start":{"line":84,"column":90},"end":{"line":88,"column":4}},"locations":[{"start":{"line":84,"column":90},"end":{"line":88,"column":4}}]},"19":{"type":"branch","line":91,"loc":{"start":{"line":91,"column":1},"end":{"line":109,"column":2}},"locations":[{"start":{"line":91,"column":1},"end":{"line":109,"column":2}}]},"20":{"type":"branch","line":103,"loc":{"start":{"line":103,"column":25},"end":{"line":105,"column":9}},"locations":[{"start":{"line":103,"column":25},"end":{"line":105,"column":9}}]},"21":{"type":"branch","line":105,"loc":{"start":{"line":105,"column":2},"end":{"line":108,"column":3}},"locations":[{"start":{"line":105,"column":2},"end":{"line":108,"column":3}}]},"22":{"type":"branch","line":94,"loc":{"start":{"line":94,"column":19},"end":{"line":101,"column":4}},"locations":[{"start":{"line":94,"column":19},"end":{"line":101,"column":4}}]},"23":{"type":"branch","line":95,"loc":{"start":{"line":95,"column":18},"end":{"line":95,"column":51}},"locations":[{"start":{"line":95,"column":18},"end":{"line":95,"column":51}}]},"24":{"type":"branch","line":95,"loc":{"start":{"line":95,"column":39},"end":{"line":95,"column":60}},"locations":[{"start":{"line":95,"column":39},"end":{"line":95,"column":60}}]},"25":{"type":"branch","line":95,"loc":{"start":{"line":95,"column":60},"end":{"line":95,"column":67}},"locations":[{"start":{"line":95,"column":60},"end":{"line":95,"column":67}}]},"26":{"type":"branch","line":95,"loc":{"start":{"line":95,"column":60},"end":{"line":100,"column":6}},"locations":[{"start":{"line":95,"column":60},"end":{"line":100,"column":6}}]},"27":{"type":"branch","line":111,"loc":{"start":{"line":111,"column":1},"end":{"line":139,"column":2}},"locations":[{"start":{"line":111,"column":1},"end":{"line":139,"column":2}}]},"28":{"type":"branch","line":113,"loc":{"start":{"line":113,"column":26},"end":{"line":117,"column":3}},"locations":[{"start":{"line":113,"column":26},"end":{"line":117,"column":3}}]},"29":{"type":"branch","line":116,"loc":{"start":{"line":116,"column":81},"end":{"line":116,"column":99}},"locations":[{"start":{"line":116,"column":81},"end":{"line":116,"column":99}}]},"30":{"type":"branch","line":116,"loc":{"start":{"line":116,"column":38},"end":{"line":116,"column":78}},"locations":[{"start":{"line":116,"column":38},"end":{"line":116,"column":78}}]},"31":{"type":"branch","line":119,"loc":{"start":{"line":119,"column":27},"end":{"line":121,"column":3}},"locations":[{"start":{"line":119,"column":27},"end":{"line":121,"column":3}}]},"32":{"type":"branch","line":123,"loc":{"start":{"line":123,"column":28},"end":{"line":126,"column":3}},"locations":[{"start":{"line":123,"column":28},"end":{"line":126,"column":3}}]},"33":{"type":"branch","line":128,"loc":{"start":{"line":128,"column":26},"end":{"line":132,"column":3}},"locations":[{"start":{"line":128,"column":26},"end":{"line":132,"column":3}}]},"34":{"type":"branch","line":135,"loc":{"start":{"line":135,"column":29},"end":{"line":138,"column":3}},"locations":[{"start":{"line":135,"column":29},"end":{"line":138,"column":3}}]},"35":{"type":"branch","line":141,"loc":{"start":{"line":141,"column":1},"end":{"line":162,"column":2}},"locations":[{"start":{"line":141,"column":1},"end":{"line":162,"column":2}}]},"36":{"type":"branch","line":155,"loc":{"start":{"line":155,"column":26},"end":{"line":157,"column":3}},"locations":[{"start":{"line":155,"column":26},"end":{"line":157,"column":3}}]},"37":{"type":"branch","line":161,"loc":{"start":{"line":161,"column":36},"end":{"line":161,"column":73}},"locations":[{"start":{"line":161,"column":36},"end":{"line":161,"column":73}}]},"38":{"type":"branch","line":164,"loc":{"start":{"line":164,"column":1},"end":{"line":170,"column":2}},"locations":[{"start":{"line":164,"column":1},"end":{"line":170,"column":2}}]},"39":{"type":"branch","line":172,"loc":{"start":{"line":172,"column":1},"end":{"line":179,"column":2}},"locations":[{"start":{"line":172,"column":1},"end":{"line":179,"column":2}}]}},"b":{"0":[26],"1":[2],"2":[2],"3":[2],"4":[1],"5":[0],"6":[1],"7":[0],"8":[1],"9":[3],"10":[1],"11":[2],"12":[1],"13":[2],"14":[1],"15":[1],"16":[1],"17":[1],"18":[1],"19":[4],"20":[3],"21":[1],"22":[3],"23":[2],"24":[1],"25":[2],"26":[1],"27":[8],"28":[1],"29":[0],"30":[1],"31":[1],"32":[1],"33":[1],"34":[1],"35":[3],"36":[1],"37":[1],"38":[1],"39":[1]},"fnMap":{"0":{"name":"useSocketEmiters","decl":{"start":{"line":10,"column":7},"end":{"line":194,"column":1}},"loc":{"start":{"line":10,"column":7},"end":{"line":194,"column":1}},"line":10},"1":{"name":"handleSocketConnect","decl":{"start":{"line":20,"column":1},"end":{"line":26,"column":2}},"loc":{"start":{"line":20,"column":1},"end":{"line":26,"column":2}},"line":20},"2":{"name":"emitUserNameIsTaken","decl":{"start":{"line":43,"column":1},"end":{"line":52,"column":2}},"loc":{"start":{"line":43,"column":1},"end":{"line":52,"column":2}},"line":43},"3":{"name":"emitStart","decl":{"start":{"line":53,"column":1},"end":{"line":56,"column":2}},"loc":{"start":{"line":53,"column":1},"end":{"line":56,"column":2}},"line":53},"4":{"name":"emitLeaveRoom","decl":{"start":{"line":58,"column":1},"end":{"line":64,"column":2}},"loc":{"start":{"line":58,"column":1},"end":{"line":64,"column":2}},"line":58},"5":{"name":"emitGameOver","decl":{"start":{"line":66,"column":1},"end":{"line":68,"column":2}},"loc":{"start":{"line":66,"column":1},"end":{"line":68,"column":2}},"line":66},"6":{"name":"emitGridUpdate","decl":{"start":{"line":70,"column":24},"end":{"line":81,"column":2}},"loc":{"start":{"line":70,"column":24},"end":{"line":81,"column":2}},"line":70},"7":{"name":"emitLines","decl":{"start":{"line":83,"column":1},"end":{"line":89,"column":2}},"loc":{"start":{"line":83,"column":1},"end":{"line":89,"column":2}},"line":83},"8":{"name":"emitJoinRoom","decl":{"start":{"line":91,"column":1},"end":{"line":109,"column":2}},"loc":{"start":{"line":91,"column":1},"end":{"line":109,"column":2}},"line":91},"9":{"name":"joinRoom","decl":{"start":{"line":94,"column":19},"end":{"line":101,"column":4}},"loc":{"start":{"line":94,"column":19},"end":{"line":101,"column":4}},"line":94},"10":{"name":"initRoomSocketListeners","decl":{"start":{"line":111,"column":1},"end":{"line":139,"column":2}},"loc":{"start":{"line":111,"column":1},"end":{"line":139,"column":2}},"line":111},"11":{"name":"initGameSocketListeners","decl":{"start":{"line":141,"column":1},"end":{"line":162,"column":2}},"loc":{"start":{"line":141,"column":1},"end":{"line":162,"column":2}},"line":141},"12":{"name":"clearRoomSocketListeners","decl":{"start":{"line":164,"column":1},"end":{"line":170,"column":2}},"loc":{"start":{"line":164,"column":1},"end":{"line":170,"column":2}},"line":164},"13":{"name":"clearGameSocketListeners","decl":{"start":{"line":172,"column":1},"end":{"line":179,"column":2}},"loc":{"start":{"line":172,"column":1},"end":{"line":179,"column":2}},"line":172}},"f":{"0":26,"1":0,"2":2,"3":1,"4":1,"5":1,"6":3,"7":2,"8":4,"9":3,"10":8,"11":3,"12":1,"13":1}}
,"/home/elthinkbuntu/Documents/red-tetris/app/composables/useActivePiece.ts": {"path":"/home/elthinkbuntu/Documents/red-tetris/app/composables/useActivePiece.ts","all":false,"statementMap":{"0":{"start":{"line":1,"column":0},"end":{"line":1,"column":31}},"1":{"start":{"line":2,"column":0},"end":{"line":2,"column":53}},"2":{"start":{"line":3,"column":0},"end":{"line":3,"column":42}},"3":{"start":{"line":4,"column":0},"end":{"line":4,"column":38}},"4":{"start":{"line":5,"column":0},"end":{"line":5,"column":51}},"5":{"start":{"line":6,"column":0},"end":{"line":6,"column":36}},"7":{"start":{"line":8,"column":0},"end":{"line":8,"column":34}},"8":{"start":{"line":9,"column":0},"end":{"line":9,"column":41}},"9":{"start":{"line":10,"column":0},"end":{"line":10,"column":55}},"11":{"start":{"line":12,"column":0},"end":{"line":12,"column":33}},"12":{"start":{"line":13,"column":0},"end":{"line":13,"column":8}},"13":{"start":{"line":14,"column":0},"end":{"line":14,"column":7}},"14":{"start":{"line":15,"column":0},"end":{"line":15,"column":7}},"15":{"start":{"line":16,"column":0},"end":{"line":16,"column":15}},"16":{"start":{"line":17,"column":0},"end":{"line":17,"column":21}},"17":{"start":{"line":18,"column":0},"end":{"line":18,"column":11}},"18":{"start":{"line":19,"column":0},"end":{"line":19,"column":14}},"19":{"start":{"line":20,"column":0},"end":{"line":20,"column":12}},"20":{"start":{"line":21,"column":0},"end":{"line":21,"column":13}},"21":{"start":{"line":22,"column":0},"end":{"line":22,"column":10}},"22":{"start":{"line":23,"column":0},"end":{"line":23,"column":10}},"23":{"start":{"line":24,"column":0},"end":{"line":24,"column":14}},"25":{"start":{"line":26,"column":0},"end":{"line":26,"column":8}},"26":{"start":{"line":27,"column":0},"end":{"line":27,"column":9}},"27":{"start":{"line":28,"column":0},"end":{"line":28,"column":7}},"28":{"start":{"line":29,"column":0},"end":{"line":29,"column":7}},"29":{"start":{"line":30,"column":0},"end":{"line":30,"column":10}},"30":{"start":{"line":31,"column":0},"end":{"line":31,"column":12}},"31":{"start":{"line":32,"column":0},"end":{"line":32,"column":8}},"32":{"start":{"line":33,"column":0},"end":{"line":33,"column":8}},"33":{"start":{"line":34,"column":0},"end":{"line":34,"column":27}},"35":{"start":{"line":36,"column":0},"end":{"line":36,"column":25}},"36":{"start":{"line":37,"column":0},"end":{"line":37,"column":9}},"37":{"start":{"line":38,"column":0},"end":{"line":38,"column":20}},"38":{"start":{"line":39,"column":0},"end":{"line":39,"column":13}},"39":{"start":{"line":40,"column":0},"end":{"line":40,"column":16}},"40":{"start":{"line":41,"column":0},"end":{"line":41,"column":10}},"42":{"start":{"line":43,"column":0},"end":{"line":43,"column":23}},"43":{"start":{"line":44,"column":0},"end":{"line":44,"column":68}},"44":{"start":{"line":45,"column":0},"end":{"line":45,"column":70}},"45":{"start":{"line":46,"column":0},"end":{"line":46,"column":70}},"46":{"start":{"line":47,"column":0},"end":{"line":47,"column":68}},"47":{"start":{"line":48,"column":0},"end":{"line":48,"column":2}},"49":{"start":{"line":50,"column":0},"end":{"line":50,"column":39}},"50":{"start":{"line":51,"column":0},"end":{"line":51,"column":35}},"51":{"start":{"line":52,"column":0},"end":{"line":52,"column":35}},"52":{"start":{"line":53,"column":0},"end":{"line":53,"column":46}},"53":{"start":{"line":54,"column":0},"end":{"line":54,"column":34}},"54":{"start":{"line":55,"column":0},"end":{"line":55,"column":28}},"55":{"start":{"line":56,"column":0},"end":{"line":56,"column":28}},"56":{"start":{"line":57,"column":0},"end":{"line":57,"column":50}},"57":{"start":{"line":58,"column":0},"end":{"line":58,"column":29}},"58":{"start":{"line":59,"column":0},"end":{"line":59,"column":4}},"59":{"start":{"line":60,"column":0},"end":{"line":60,"column":3}},"60":{"start":{"line":61,"column":0},"end":{"line":61,"column":16}},"61":{"start":{"line":62,"column":0},"end":{"line":62,"column":3}},"63":{"start":{"line":64,"column":0},"end":{"line":64,"column":47}},"64":{"start":{"line":65,"column":0},"end":{"line":65,"column":60}},"65":{"start":{"line":66,"column":0},"end":{"line":66,"column":35}},"66":{"start":{"line":67,"column":0},"end":{"line":67,"column":51}},"67":{"start":{"line":68,"column":0},"end":{"line":68,"column":3}},"68":{"start":{"line":69,"column":0},"end":{"line":69,"column":13}},"69":{"start":{"line":70,"column":0},"end":{"line":70,"column":2}},"71":{"start":{"line":72,"column":0},"end":{"line":72,"column":33}},"72":{"start":{"line":73,"column":0},"end":{"line":73,"column":17}},"73":{"start":{"line":74,"column":0},"end":{"line":74,"column":34}},"74":{"start":{"line":75,"column":0},"end":{"line":75,"column":14}},"75":{"start":{"line":76,"column":0},"end":{"line":76,"column":3}},"76":{"start":{"line":77,"column":0},"end":{"line":77,"column":2}},"78":{"start":{"line":79,"column":0},"end":{"line":79,"column":25}},"79":{"start":{"line":80,"column":0},"end":{"line":80,"column":45}},"80":{"start":{"line":81,"column":0},"end":{"line":81,"column":35}},"81":{"start":{"line":82,"column":0},"end":{"line":82,"column":13}},"82":{"start":{"line":83,"column":0},"end":{"line":83,"column":2}},"84":{"start":{"line":85,"column":0},"end":{"line":85,"column":26}},"85":{"start":{"line":86,"column":0},"end":{"line":86,"column":21}},"86":{"start":{"line":87,"column":0},"end":{"line":87,"column":14}},"87":{"start":{"line":88,"column":0},"end":{"line":88,"column":22}},"88":{"start":{"line":89,"column":0},"end":{"line":89,"column":35}},"89":{"start":{"line":90,"column":0},"end":{"line":90,"column":28}},"90":{"start":{"line":91,"column":0},"end":{"line":91,"column":3}},"91":{"start":{"line":92,"column":0},"end":{"line":92,"column":2}},"93":{"start":{"line":94,"column":0},"end":{"line":94,"column":40}},"94":{"start":{"line":95,"column":0},"end":{"line":95,"column":56}},"98":{"start":{"line":99,"column":0},"end":{"line":99,"column":50}},"99":{"start":{"line":100,"column":0},"end":{"line":100,"column":78}},"100":{"start":{"line":101,"column":0},"end":{"line":101,"column":2}},"102":{"start":{"line":103,"column":0},"end":{"line":103,"column":40}},"103":{"start":{"line":104,"column":0},"end":{"line":104,"column":16}},"104":{"start":{"line":105,"column":0},"end":{"line":105,"column":30}},"105":{"start":{"line":106,"column":0},"end":{"line":106,"column":20}},"106":{"start":{"line":107,"column":0},"end":{"line":107,"column":31}},"107":{"start":{"line":108,"column":0},"end":{"line":108,"column":44}},"108":{"start":{"line":109,"column":0},"end":{"line":109,"column":39}},"109":{"start":{"line":110,"column":0},"end":{"line":110,"column":57}},"110":{"start":{"line":111,"column":0},"end":{"line":111,"column":24}},"111":{"start":{"line":112,"column":0},"end":{"line":112,"column":47}},"112":{"start":{"line":113,"column":0},"end":{"line":113,"column":35}},"113":{"start":{"line":114,"column":0},"end":{"line":114,"column":19}},"114":{"start":{"line":115,"column":0},"end":{"line":115,"column":19}},"115":{"start":{"line":116,"column":0},"end":{"line":116,"column":11}},"116":{"start":{"line":117,"column":0},"end":{"line":117,"column":19}},"117":{"start":{"line":118,"column":0},"end":{"line":118,"column":21}},"118":{"start":{"line":119,"column":0},"end":{"line":119,"column":18}},"119":{"start":{"line":120,"column":0},"end":{"line":120,"column":4}},"120":{"start":{"line":121,"column":0},"end":{"line":121,"column":3}},"122":{"start":{"line":123,"column":0},"end":{"line":123,"column":121}},"123":{"start":{"line":124,"column":0},"end":{"line":124,"column":1}}},"s":{"0":1,"1":1,"2":1,"3":1,"4":1,"5":1,"7":1,"8":16,"9":16,"11":16,"12":16,"13":16,"14":16,"15":16,"16":16,"17":16,"18":16,"19":16,"20":16,"21":16,"22":16,"23":16,"25":16,"26":16,"27":16,"28":16,"29":16,"30":16,"31":16,"32":16,"33":16,"35":16,"36":16,"37":16,"38":16,"39":16,"40":16,"42":16,"43":16,"44":16,"45":16,"46":16,"47":16,"49":16,"50":3,"51":3,"52":2,"53":3,"54":8,"55":8,"56":8,"57":8,"58":8,"59":8,"60":2,"61":16,"63":16,"64":3,"65":1,"66":1,"67":1,"68":2,"69":3,"71":16,"72":1,"73":1,"74":0,"75":0,"76":1,"78":16,"79":3,"80":1,"81":1,"82":3,"84":16,"85":1,"86":1,"87":1,"88":1,"89":1,"90":1,"91":1,"93":16,"94":5,"98":4,"99":5,"100":5,"102":16,"103":3,"104":3,"105":3,"106":3,"107":3,"108":3,"109":3,"110":3,"111":3,"112":3,"113":3,"114":3,"115":3,"116":0,"117":0,"118":0,"119":0,"120":3,"122":16,"123":16},"branchMap":{"0":{"type":"branch","line":8,"loc":{"start":{"line":8,"column":7},"end":{"line":124,"column":1}},"locations":[{"start":{"line":8,"column":7},"end":{"line":124,"column":1}}]},"1":{"type":"branch","line":50,"loc":{"start":{"line":50,"column":32},"end":{"line":62,"column":2}},"locations":[{"start":{"line":50,"column":32},"end":{"line":62,"column":2}}]},"2":{"type":"branch","line":52,"loc":{"start":{"line":52,"column":21},"end":{"line":52,"column":35}},"locations":[{"start":{"line":52,"column":21},"end":{"line":52,"column":35}}]},"3":{"type":"branch","line":52,"loc":{"start":{"line":52,"column":28},"end":{"line":54,"column":33}},"locations":[{"start":{"line":52,"column":28},"end":{"line":54,"column":33}}]},"4":{"type":"branch","line":54,"loc":{"start":{"line":54,"column":33},"end":{"line":60,"column":3}},"locations":[{"start":{"line":54,"column":33},"end":{"line":60,"column":3}}]},"5":{"type":"branch","line":60,"loc":{"start":{"line":60,"column":2},"end":{"line":61,"column":16}},"locations":[{"start":{"line":60,"column":2},"end":{"line":61,"column":16}}]},"6":{"type":"branch","line":64,"loc":{"start":{"line":64,"column":29},"end":{"line":70,"column":2}},"locations":[{"start":{"line":64,"column":29},"end":{"line":70,"column":2}}]},"7":{"type":"branch","line":65,"loc":{"start":{"line":65,"column":33},"end":{"line":65,"column":59}},"locations":[{"start":{"line":65,"column":33},"end":{"line":65,"column":59}}]},"8":{"type":"branch","line":65,"loc":{"start":{"line":65,"column":59},"end":{"line":68,"column":3}},"locations":[{"start":{"line":65,"column":59},"end":{"line":68,"column":3}}]},"9":{"type":"branch","line":68,"loc":{"start":{"line":68,"column":2},"end":{"line":69,"column":13}},"locations":[{"start":{"line":68,"column":2},"end":{"line":69,"column":13}}]},"10":{"type":"branch","line":72,"loc":{"start":{"line":72,"column":20},"end":{"line":77,"column":2}},"locations":[{"start":{"line":72,"column":20},"end":{"line":77,"column":2}}]},"11":{"type":"branch","line":74,"loc":{"start":{"line":74,"column":33},"end":{"line":76,"column":3}},"locations":[{"start":{"line":74,"column":33},"end":{"line":76,"column":3}}]},"12":{"type":"branch","line":79,"loc":{"start":{"line":79,"column":18},"end":{"line":83,"column":2}},"locations":[{"start":{"line":79,"column":18},"end":{"line":83,"column":2}}]},"13":{"type":"branch","line":80,"loc":{"start":{"line":80,"column":14},"end":{"line":80,"column":39}},"locations":[{"start":{"line":80,"column":14},"end":{"line":80,"column":39}}]},"14":{"type":"branch","line":80,"loc":{"start":{"line":80,"column":39},"end":{"line":80,"column":45}},"locations":[{"start":{"line":80,"column":39},"end":{"line":80,"column":45}}]},"15":{"type":"branch","line":80,"loc":{"start":{"line":80,"column":39},"end":{"line":81,"column":35}},"locations":[{"start":{"line":80,"column":39},"end":{"line":81,"column":35}}]},"16":{"type":"branch","line":81,"loc":{"start":{"line":81,"column":34},"end":{"line":81,"column":35}},"locations":[{"start":{"line":81,"column":34},"end":{"line":81,"column":35}}]},"17":{"type":"branch","line":81,"loc":{"start":{"line":81,"column":34},"end":{"line":82,"column":13}},"locations":[{"start":{"line":81,"column":34},"end":{"line":82,"column":13}}]},"18":{"type":"branch","line":85,"loc":{"start":{"line":85,"column":19},"end":{"line":92,"column":2}},"locations":[{"start":{"line":85,"column":19},"end":{"line":92,"column":2}}]},"19":{"type":"branch","line":94,"loc":{"start":{"line":94,"column":33},"end":{"line":101,"column":2}},"locations":[{"start":{"line":94,"column":33},"end":{"line":101,"column":2}}]},"20":{"type":"branch","line":95,"loc":{"start":{"line":95,"column":24},"end":{"line":95,"column":56}},"locations":[{"start":{"line":95,"column":24},"end":{"line":95,"column":56}}]},"21":{"type":"branch","line":95,"loc":{"start":{"line":95,"column":31},"end":{"line":100,"column":41}},"locations":[{"start":{"line":95,"column":31},"end":{"line":100,"column":41}}]},"22":{"type":"branch","line":100,"loc":{"start":{"line":100,"column":36},"end":{"line":100,"column":78}},"locations":[{"start":{"line":100,"column":36},"end":{"line":100,"column":78}}]},"23":{"type":"branch","line":103,"loc":{"start":{"line":103,"column":33},"end":{"line":121,"column":3}},"locations":[{"start":{"line":103,"column":33},"end":{"line":121,"column":3}}]},"24":{"type":"branch","line":106,"loc":{"start":{"line":106,"column":14},"end":{"line":106,"column":20}},"locations":[{"start":{"line":106,"column":14},"end":{"line":106,"column":20}}]},"25":{"type":"branch","line":116,"loc":{"start":{"line":116,"column":3},"end":{"line":120,"column":4}},"locations":[{"start":{"line":116,"column":3},"end":{"line":120,"column":4}}]},"26":{"type":"branch","line":110,"loc":{"start":{"line":110,"column":40},"end":{"line":110,"column":55}},"locations":[{"start":{"line":110,"column":40},"end":{"line":110,"column":55}}]}},"b":{"0":[16],"1":[3],"2":[1],"3":[2],"4":[8],"5":[2],"6":[3],"7":[1],"8":[1],"9":[2],"10":[1],"11":[0],"12":[3],"13":[2],"14":[2],"15":[1],"16":[18],"17":[1],"18":[1],"19":[5],"20":[1],"21":[4],"22":[0],"23":[3],"24":[0],"25":[0],"26":[12]},"fnMap":{"0":{"name":"useActivePiece","decl":{"start":{"line":8,"column":7},"end":{"line":124,"column":1}},"loc":{"start":{"line":8,"column":7},"end":{"line":124,"column":1}},"line":8},"1":{"name":"getActivePieceStyle","decl":{"start":{"line":64,"column":29},"end":{"line":70,"column":2}},"loc":{"start":{"line":64,"column":29},"end":{"line":70,"column":2}},"line":64},"2":{"name":"handleDrop","decl":{"start":{"line":72,"column":20},"end":{"line":77,"column":2}},"loc":{"start":{"line":72,"column":20},"end":{"line":77,"column":2}},"line":72},"3":{"name":"hardDrop","decl":{"start":{"line":79,"column":18},"end":{"line":83,"column":2}},"loc":{"start":{"line":79,"column":18},"end":{"line":83,"column":2}},"line":79},"4":{"name":"lockPiece","decl":{"start":{"line":85,"column":19},"end":{"line":92,"column":2}},"loc":{"start":{"line":85,"column":19},"end":{"line":92,"column":2}},"line":85},"5":{"name":"getCurrentBaseDropSpeed","decl":{"start":{"line":94,"column":33},"end":{"line":101,"column":2}},"loc":{"start":{"line":94,"column":33},"end":{"line":101,"column":2}},"line":94},"6":{"name":"trySpawnNextActivePiece","decl":{"start":{"line":103,"column":33},"end":{"line":121,"column":3}},"loc":{"start":{"line":103,"column":33},"end":{"line":121,"column":3}},"line":103}},"f":{"0":16,"1":3,"2":1,"3":3,"4":1,"5":5,"6":3}}
,"/home/elthinkbuntu/Documents/red-tetris/app/composables/useBoard.ts": {"path":"/home/elthinkbuntu/Documents/red-tetris/app/composables/useBoard.ts","all":false,"statementMap":{"0":{"start":{"line":1,"column":0},"end":{"line":1,"column":30}},"1":{"start":{"line":2,"column":0},"end":{"line":2,"column":52}},"2":{"start":{"line":3,"column":0},"end":{"line":3,"column":41}},"3":{"start":{"line":4,"column":0},"end":{"line":4,"column":52}},"4":{"start":{"line":5,"column":0},"end":{"line":5,"column":45}},"5":{"start":{"line":6,"column":0},"end":{"line":6,"column":50}},"6":{"start":{"line":7,"column":0},"end":{"line":7,"column":35}},"8":{"start":{"line":9,"column":0},"end":{"line":9,"column":28}},"9":{"start":{"line":10,"column":0},"end":{"line":10,"column":33}},"10":{"start":{"line":11,"column":0},"end":{"line":11,"column":33}},"11":{"start":{"line":12,"column":0},"end":{"line":12,"column":42}},"13":{"start":{"line":14,"column":0},"end":{"line":14,"column":8}},"14":{"start":{"line":15,"column":0},"end":{"line":15,"column":7}},"15":{"start":{"line":16,"column":0},"end":{"line":16,"column":7}},"16":{"start":{"line":17,"column":0},"end":{"line":17,"column":18}},"17":{"start":{"line":18,"column":0},"end":{"line":18,"column":11}},"18":{"start":{"line":19,"column":0},"end":{"line":19,"column":10}},"19":{"start":{"line":20,"column":0},"end":{"line":20,"column":10}},"20":{"start":{"line":21,"column":0},"end":{"line":21,"column":12}},"21":{"start":{"line":22,"column":0},"end":{"line":22,"column":12}},"22":{"start":{"line":23,"column":0},"end":{"line":23,"column":14}},"24":{"start":{"line":25,"column":0},"end":{"line":25,"column":8}},"25":{"start":{"line":26,"column":0},"end":{"line":26,"column":7}},"26":{"start":{"line":27,"column":0},"end":{"line":27,"column":9}},"27":{"start":{"line":28,"column":0},"end":{"line":28,"column":7}},"28":{"start":{"line":29,"column":0},"end":{"line":29,"column":7}},"29":{"start":{"line":30,"column":0},"end":{"line":30,"column":10}},"30":{"start":{"line":31,"column":0},"end":{"line":31,"column":27}},"32":{"start":{"line":33,"column":0},"end":{"line":33,"column":67}},"34":{"start":{"line":35,"column":0},"end":{"line":35,"column":52}},"37":{"start":{"line":38,"column":0},"end":{"line":38,"column":34}},"38":{"start":{"line":39,"column":0},"end":{"line":39,"column":27}},"39":{"start":{"line":40,"column":0},"end":{"line":40,"column":57}},"40":{"start":{"line":41,"column":0},"end":{"line":41,"column":29}},"41":{"start":{"line":42,"column":0},"end":{"line":42,"column":29}},"42":{"start":{"line":43,"column":0},"end":{"line":43,"column":93}},"43":{"start":{"line":44,"column":0},"end":{"line":44,"column":3}},"44":{"start":{"line":45,"column":0},"end":{"line":45,"column":2}},"46":{"start":{"line":47,"column":0},"end":{"line":47,"column":41}},"47":{"start":{"line":48,"column":0},"end":{"line":48,"column":26}},"48":{"start":{"line":49,"column":0},"end":{"line":49,"column":32}},"49":{"start":{"line":50,"column":0},"end":{"line":50,"column":41}},"51":{"start":{"line":52,"column":0},"end":{"line":52,"column":23}},"52":{"start":{"line":53,"column":0},"end":{"line":53,"column":28}},"53":{"start":{"line":54,"column":0},"end":{"line":54,"column":49}},"54":{"start":{"line":55,"column":0},"end":{"line":55,"column":21}},"55":{"start":{"line":56,"column":0},"end":{"line":56,"column":32}},"56":{"start":{"line":57,"column":0},"end":{"line":57,"column":11}},"57":{"start":{"line":58,"column":0},"end":{"line":58,"column":30}},"58":{"start":{"line":59,"column":0},"end":{"line":59,"column":4}},"59":{"start":{"line":60,"column":0},"end":{"line":60,"column":3}},"60":{"start":{"line":61,"column":0},"end":{"line":61,"column":12}},"61":{"start":{"line":62,"column":0},"end":{"line":62,"column":2}},"63":{"start":{"line":64,"column":0},"end":{"line":64,"column":45}},"64":{"start":{"line":65,"column":0},"end":{"line":65,"column":91}},"65":{"start":{"line":66,"column":0},"end":{"line":66,"column":2}},"67":{"start":{"line":68,"column":0},"end":{"line":68,"column":46}},"68":{"start":{"line":69,"column":0},"end":{"line":69,"column":74}},"69":{"start":{"line":70,"column":0},"end":{"line":70,"column":2}},"71":{"start":{"line":72,"column":0},"end":{"line":72,"column":42}},"72":{"start":{"line":73,"column":0},"end":{"line":73,"column":25}},"73":{"start":{"line":74,"column":0},"end":{"line":74,"column":44}},"74":{"start":{"line":75,"column":0},"end":{"line":75,"column":2}},"76":{"start":{"line":77,"column":0},"end":{"line":77,"column":33}},"77":{"start":{"line":78,"column":0},"end":{"line":78,"column":22}},"79":{"start":{"line":80,"column":0},"end":{"line":80,"column":39}},"80":{"start":{"line":81,"column":0},"end":{"line":81,"column":42}},"81":{"start":{"line":82,"column":0},"end":{"line":82,"column":17}},"82":{"start":{"line":83,"column":0},"end":{"line":83,"column":18}},"83":{"start":{"line":84,"column":0},"end":{"line":84,"column":46}},"84":{"start":{"line":85,"column":0},"end":{"line":85,"column":4}},"85":{"start":{"line":86,"column":0},"end":{"line":86,"column":3}},"87":{"start":{"line":88,"column":0},"end":{"line":88,"column":25}},"88":{"start":{"line":89,"column":0},"end":{"line":89,"column":32}},"89":{"start":{"line":90,"column":0},"end":{"line":90,"column":35}},"92":{"start":{"line":93,"column":0},"end":{"line":93,"column":25}},"93":{"start":{"line":94,"column":0},"end":{"line":94,"column":10}},"94":{"start":{"line":95,"column":0},"end":{"line":95,"column":28}},"95":{"start":{"line":96,"column":0},"end":{"line":96,"column":3}},"96":{"start":{"line":97,"column":0},"end":{"line":97,"column":2}},"98":{"start":{"line":99,"column":0},"end":{"line":99,"column":45}},"99":{"start":{"line":100,"column":0},"end":{"line":100,"column":28}},"101":{"start":{"line":102,"column":0},"end":{"line":102,"column":42}},"102":{"start":{"line":103,"column":0},"end":{"line":103,"column":37}},"103":{"start":{"line":104,"column":0},"end":{"line":104,"column":3}},"106":{"start":{"line":107,"column":0},"end":{"line":107,"column":45}},"108":{"start":{"line":109,"column":0},"end":{"line":109,"column":42}},"109":{"start":{"line":110,"column":0},"end":{"line":110,"column":3}},"112":{"start":{"line":113,"column":0},"end":{"line":113,"column":79}},"113":{"start":{"line":114,"column":0},"end":{"line":114,"column":30}},"115":{"start":{"line":116,"column":0},"end":{"line":116,"column":64}},"116":{"start":{"line":117,"column":0},"end":{"line":117,"column":19}},"117":{"start":{"line":118,"column":0},"end":{"line":118,"column":21}},"118":{"start":{"line":119,"column":0},"end":{"line":119,"column":18}},"119":{"start":{"line":120,"column":0},"end":{"line":120,"column":4}},"120":{"start":{"line":121,"column":0},"end":{"line":121,"column":3}},"121":{"start":{"line":122,"column":0},"end":{"line":122,"column":2}},"123":{"start":{"line":124,"column":0},"end":{"line":124,"column":122}},"124":{"start":{"line":125,"column":0},"end":{"line":125,"column":1}}},"s":{"0":1,"1":1,"2":1,"3":1,"4":1,"5":1,"6":1,"8":1,"9":23,"10":23,"11":23,"13":23,"14":23,"15":23,"16":23,"17":23,"18":23,"19":23,"20":23,"21":23,"22":23,"24":23,"25":23,"26":23,"27":23,"28":23,"29":23,"30":23,"32":23,"34":23,"37":23,"38":3,"39":3,"40":8,"41":8,"42":8,"43":8,"44":3,"46":23,"47":6,"48":6,"49":6,"51":1200,"52":1200,"53":2,"54":1200,"55":2,"56":1198,"57":1196,"58":1196,"59":1200,"60":6,"61":6,"63":23,"64":90,"65":90,"67":23,"68":7,"69":7,"71":23,"72":6,"73":6,"74":6,"76":23,"77":4,"79":4,"80":84,"81":4,"82":4,"83":4,"84":4,"85":84,"87":4,"88":3,"89":3,"92":3,"93":3,"94":3,"95":3,"96":4,"98":23,"99":5,"101":5,"102":71,"103":71,"106":5,"108":9,"109":9,"112":5,"113":1,"115":1,"116":0,"117":0,"118":0,"119":0,"120":1,"121":5,"123":23,"124":23},"branchMap":{"0":{"type":"branch","line":9,"loc":{"start":{"line":9,"column":7},"end":{"line":125,"column":1}},"locations":[{"start":{"line":9,"column":7},"end":{"line":125,"column":1}}]},"1":{"type":"branch","line":35,"loc":{"start":{"line":35,"column":28},"end":{"line":35,"column":51}},"locations":[{"start":{"line":35,"column":28},"end":{"line":35,"column":51}}]},"2":{"type":"branch","line":38,"loc":{"start":{"line":38,"column":27},"end":{"line":45,"column":2}},"locations":[{"start":{"line":38,"column":27},"end":{"line":45,"column":2}}]},"3":{"type":"branch","line":39,"loc":{"start":{"line":39,"column":21},"end":{"line":39,"column":27}},"locations":[{"start":{"line":39,"column":21},"end":{"line":39,"column":27}}]},"4":{"type":"branch","line":39,"loc":{"start":{"line":39,"column":21},"end":{"line":40,"column":56}},"locations":[{"start":{"line":39,"column":21},"end":{"line":40,"column":56}}]},"5":{"type":"branch","line":40,"loc":{"start":{"line":40,"column":56},"end":{"line":44,"column":3}},"locations":[{"start":{"line":40,"column":56},"end":{"line":44,"column":3}}]},"6":{"type":"branch","line":43,"loc":{"start":{"line":43,"column":37},"end":{"line":43,"column":53}},"locations":[{"start":{"line":43,"column":37},"end":{"line":43,"column":53}}]},"7":{"type":"branch","line":43,"loc":{"start":{"line":43,"column":53},"end":{"line":43,"column":93}},"locations":[{"start":{"line":43,"column":53},"end":{"line":43,"column":93}}]},"8":{"type":"branch","line":44,"loc":{"start":{"line":44,"column":2},"end":{"line":44,"column":3}},"locations":[{"start":{"line":44,"column":2},"end":{"line":44,"column":3}}]},"9":{"type":"branch","line":47,"loc":{"start":{"line":47,"column":24},"end":{"line":62,"column":2}},"locations":[{"start":{"line":47,"column":24},"end":{"line":62,"column":2}}]},"10":{"type":"branch","line":50,"loc":{"start":{"line":50,"column":40},"end":{"line":60,"column":3}},"locations":[{"start":{"line":50,"column":40},"end":{"line":60,"column":3}}]},"11":{"type":"branch","line":53,"loc":{"start":{"line":53,"column":27},"end":{"line":55,"column":14}},"locations":[{"start":{"line":53,"column":27},"end":{"line":55,"column":14}}]},"12":{"type":"branch","line":55,"loc":{"start":{"line":55,"column":3},"end":{"line":59,"column":4}},"locations":[{"start":{"line":55,"column":3},"end":{"line":59,"column":4}}]},"13":{"type":"branch","line":55,"loc":{"start":{"line":55,"column":20},"end":{"line":57,"column":10}},"locations":[{"start":{"line":55,"column":20},"end":{"line":57,"column":10}}]},"14":{"type":"branch","line":57,"loc":{"start":{"line":57,"column":3},"end":{"line":59,"column":4}},"locations":[{"start":{"line":57,"column":3},"end":{"line":59,"column":4}}]},"15":{"type":"branch","line":64,"loc":{"start":{"line":64,"column":20},"end":{"line":66,"column":2}},"locations":[{"start":{"line":64,"column":20},"end":{"line":66,"column":2}}]},"16":{"type":"branch","line":65,"loc":{"start":{"line":65,"column":30},"end":{"line":65,"column":90}},"locations":[{"start":{"line":65,"column":30},"end":{"line":65,"column":90}}]},"17":{"type":"branch","line":65,"loc":{"start":{"line":65,"column":64},"end":{"line":65,"column":90}},"locations":[{"start":{"line":65,"column":64},"end":{"line":65,"column":90}}]},"18":{"type":"branch","line":68,"loc":{"start":{"line":68,"column":21},"end":{"line":70,"column":2}},"locations":[{"start":{"line":68,"column":21},"end":{"line":70,"column":2}}]},"19":{"type":"branch","line":69,"loc":{"start":{"line":69,"column":30},"end":{"line":69,"column":73}},"locations":[{"start":{"line":69,"column":30},"end":{"line":69,"column":73}}]},"20":{"type":"branch","line":72,"loc":{"start":{"line":72,"column":20},"end":{"line":75,"column":2}},"locations":[{"start":{"line":72,"column":20},"end":{"line":75,"column":2}}]},"21":{"type":"branch","line":77,"loc":{"start":{"line":77,"column":20},"end":{"line":97,"column":2}},"locations":[{"start":{"line":77,"column":20},"end":{"line":97,"column":2}}]},"22":{"type":"branch","line":80,"loc":{"start":{"line":80,"column":38},"end":{"line":86,"column":3}},"locations":[{"start":{"line":80,"column":38},"end":{"line":86,"column":3}}]},"23":{"type":"branch","line":81,"loc":{"start":{"line":81,"column":19},"end":{"line":81,"column":41}},"locations":[{"start":{"line":81,"column":19},"end":{"line":81,"column":41}}]},"24":{"type":"branch","line":81,"loc":{"start":{"line":81,"column":41},"end":{"line":85,"column":4}},"locations":[{"start":{"line":81,"column":41},"end":{"line":85,"column":4}}]},"25":{"type":"branch","line":88,"loc":{"start":{"line":88,"column":24},"end":{"line":96,"column":3}},"locations":[{"start":{"line":88,"column":24},"end":{"line":96,"column":3}}]},"26":{"type":"branch","line":94,"loc":{"start":{"line":94,"column":4},"end":{"line":94,"column":10}},"locations":[{"start":{"line":94,"column":4},"end":{"line":94,"column":10}}]},"27":{"type":"branch","line":99,"loc":{"start":{"line":99,"column":25},"end":{"line":122,"column":2}},"locations":[{"start":{"line":99,"column":25},"end":{"line":122,"column":2}}]},"28":{"type":"branch","line":100,"loc":{"start":{"line":100,"column":22},"end":{"line":100,"column":28}},"locations":[{"start":{"line":100,"column":22},"end":{"line":100,"column":28}}]},"29":{"type":"branch","line":100,"loc":{"start":{"line":100,"column":22},"end":{"line":102,"column":41}},"locations":[{"start":{"line":100,"column":22},"end":{"line":102,"column":41}}]},"30":{"type":"branch","line":102,"loc":{"start":{"line":102,"column":41},"end":{"line":104,"column":3}},"locations":[{"start":{"line":102,"column":41},"end":{"line":104,"column":3}}]},"31":{"type":"branch","line":104,"loc":{"start":{"line":104,"column":2},"end":{"line":107,"column":44}},"locations":[{"start":{"line":104,"column":2},"end":{"line":107,"column":44}}]},"32":{"type":"branch","line":107,"loc":{"start":{"line":107,"column":44},"end":{"line":110,"column":3}},"locations":[{"start":{"line":107,"column":44},"end":{"line":110,"column":3}}]},"33":{"type":"branch","line":110,"loc":{"start":{"line":110,"column":2},"end":{"line":113,"column":22}},"locations":[{"start":{"line":110,"column":2},"end":{"line":113,"column":22}}]},"34":{"type":"branch","line":113,"loc":{"start":{"line":113,"column":13},"end":{"line":113,"column":78}},"locations":[{"start":{"line":113,"column":13},"end":{"line":113,"column":78}}]},"35":{"type":"branch","line":113,"loc":{"start":{"line":113,"column":78},"end":{"line":121,"column":3}},"locations":[{"start":{"line":113,"column":78},"end":{"line":121,"column":3}}]},"36":{"type":"branch","line":116,"loc":{"start":{"line":116,"column":63},"end":{"line":120,"column":4}},"locations":[{"start":{"line":116,"column":63},"end":{"line":120,"column":4}}]}},"b":{"0":[23],"1":[3],"2":[3],"3":[1],"4":[2],"5":[8],"6":[6],"7":[6],"8":[2],"9":[6],"10":[1200],"11":[2],"12":[1198],"13":[2],"14":[1196],"15":[90],"16":[162],"17":[81],"18":[7],"19":[25],"20":[6],"21":[4],"22":[84],"23":[4],"24":[4],"25":[3],"26":[0],"27":[5],"28":[1],"29":[4],"30":[71],"31":[4],"32":[9],"33":[4],"34":[3],"35":[1],"36":[0]},"fnMap":{"0":{"name":"useBoard","decl":{"start":{"line":9,"column":7},"end":{"line":125,"column":1}},"loc":{"start":{"line":9,"column":7},"end":{"line":125,"column":1}},"line":9},"1":{"name":"mergeActiveToGrid","decl":{"start":{"line":38,"column":27},"end":{"line":45,"column":2}},"loc":{"start":{"line":38,"column":27},"end":{"line":45,"column":2}},"line":38},"2":{"name":"serializedGrid","decl":{"start":{"line":47,"column":24},"end":{"line":62,"column":2}},"loc":{"start":{"line":47,"column":24},"end":{"line":62,"column":2}},"line":47},"3":{"name":"isLineFull","decl":{"start":{"line":64,"column":20},"end":{"line":66,"column":2}},"loc":{"start":{"line":64,"column":20},"end":{"line":66,"column":2}},"line":64},"4":{"name":"isWhiteLine","decl":{"start":{"line":68,"column":21},"end":{"line":70,"column":2}},"loc":{"start":{"line":68,"column":21},"end":{"line":70,"column":2}},"line":68},"5":{"name":"removeLine","decl":{"start":{"line":72,"column":20},"end":{"line":75,"column":2}},"loc":{"start":{"line":72,"column":20},"end":{"line":75,"column":2}},"line":72},"6":{"name":"clearLines","decl":{"start":{"line":77,"column":20},"end":{"line":97,"column":2}},"loc":{"start":{"line":77,"column":20},"end":{"line":97,"column":2}},"line":77},"7":{"name":"addGarbageLines","decl":{"start":{"line":99,"column":25},"end":{"line":122,"column":2}},"loc":{"start":{"line":99,"column":25},"end":{"line":122,"column":2}},"line":99}},"f":{"0":23,"1":3,"2":6,"3":90,"4":7,"5":6,"6":4,"7":5}}
,"/home/elthinkbuntu/Documents/red-tetris/app/composables/useGame.ts": {"path":"/home/elthinkbuntu/Documents/red-tetris/app/composables/useGame.ts","all":false,"statementMap":{"0":{"start":{"line":1,"column":0},"end":{"line":1,"column":53}},"1":{"start":{"line":2,"column":0},"end":{"line":2,"column":52}},"2":{"start":{"line":3,"column":0},"end":{"line":3,"column":49}},"3":{"start":{"line":4,"column":0},"end":{"line":4,"column":45}},"4":{"start":{"line":5,"column":0},"end":{"line":5,"column":37}},"5":{"start":{"line":6,"column":0},"end":{"line":6,"column":47}},"6":{"start":{"line":7,"column":0},"end":{"line":7,"column":35}},"7":{"start":{"line":8,"column":0},"end":{"line":8,"column":52}},"8":{"start":{"line":9,"column":0},"end":{"line":9,"column":52}},"11":{"start":{"line":12,"column":0},"end":{"line":12,"column":27}},"12":{"start":{"line":13,"column":0},"end":{"line":13,"column":33}},"13":{"start":{"line":14,"column":0},"end":{"line":14,"column":33}},"14":{"start":{"line":15,"column":0},"end":{"line":15,"column":33}},"16":{"start":{"line":17,"column":0},"end":{"line":17,"column":50}},"18":{"start":{"line":19,"column":0},"end":{"line":19,"column":37}},"19":{"start":{"line":20,"column":0},"end":{"line":20,"column":27}},"20":{"start":{"line":21,"column":0},"end":{"line":21,"column":25}},"22":{"start":{"line":23,"column":0},"end":{"line":23,"column":8}},"23":{"start":{"line":24,"column":0},"end":{"line":24,"column":18}},"24":{"start":{"line":25,"column":0},"end":{"line":25,"column":15}},"25":{"start":{"line":26,"column":0},"end":{"line":26,"column":16}},"26":{"start":{"line":27,"column":0},"end":{"line":27,"column":12}},"27":{"start":{"line":28,"column":0},"end":{"line":28,"column":18}},"28":{"start":{"line":29,"column":0},"end":{"line":29,"column":11}},"29":{"start":{"line":30,"column":0},"end":{"line":30,"column":14}},"30":{"start":{"line":31,"column":0},"end":{"line":31,"column":10}},"31":{"start":{"line":32,"column":0},"end":{"line":32,"column":12}},"32":{"start":{"line":33,"column":0},"end":{"line":33,"column":15}},"33":{"start":{"line":34,"column":0},"end":{"line":34,"column":12}},"34":{"start":{"line":35,"column":0},"end":{"line":35,"column":7}},"35":{"start":{"line":36,"column":0},"end":{"line":36,"column":13}},"36":{"start":{"line":37,"column":0},"end":{"line":37,"column":14}},"38":{"start":{"line":39,"column":0},"end":{"line":39,"column":8}},"39":{"start":{"line":40,"column":0},"end":{"line":40,"column":12}},"40":{"start":{"line":41,"column":0},"end":{"line":41,"column":10}},"41":{"start":{"line":42,"column":0},"end":{"line":42,"column":9}},"42":{"start":{"line":43,"column":0},"end":{"line":43,"column":12}},"43":{"start":{"line":44,"column":0},"end":{"line":44,"column":7}},"44":{"start":{"line":45,"column":0},"end":{"line":45,"column":7}},"45":{"start":{"line":46,"column":0},"end":{"line":46,"column":7}},"46":{"start":{"line":47,"column":0},"end":{"line":47,"column":11}},"47":{"start":{"line":48,"column":0},"end":{"line":48,"column":9}},"48":{"start":{"line":49,"column":0},"end":{"line":49,"column":6}},"49":{"start":{"line":50,"column":0},"end":{"line":50,"column":27}},"51":{"start":{"line":52,"column":0},"end":{"line":52,"column":8}},"52":{"start":{"line":53,"column":0},"end":{"line":53,"column":26}},"53":{"start":{"line":54,"column":0},"end":{"line":54,"column":16}},"54":{"start":{"line":55,"column":0},"end":{"line":55,"column":27}},"55":{"start":{"line":56,"column":0},"end":{"line":56,"column":14}},"56":{"start":{"line":57,"column":0},"end":{"line":57,"column":23}},"58":{"start":{"line":59,"column":0},"end":{"line":59,"column":8}},"59":{"start":{"line":60,"column":0},"end":{"line":60,"column":13}},"60":{"start":{"line":61,"column":0},"end":{"line":61,"column":26}},"61":{"start":{"line":62,"column":0},"end":{"line":62,"column":26}},"62":{"start":{"line":63,"column":0},"end":{"line":63,"column":11}},"63":{"start":{"line":64,"column":0},"end":{"line":64,"column":21}},"64":{"start":{"line":65,"column":0},"end":{"line":65,"column":21}},"65":{"start":{"line":66,"column":0},"end":{"line":66,"column":16}},"67":{"start":{"line":68,"column":0},"end":{"line":68,"column":42}},"69":{"start":{"line":70,"column":0},"end":{"line":70,"column":34}},"71":{"start":{"line":72,"column":0},"end":{"line":72,"column":19}},"72":{"start":{"line":73,"column":0},"end":{"line":73,"column":21}},"73":{"start":{"line":74,"column":0},"end":{"line":74,"column":2}},"75":{"start":{"line":76,"column":0},"end":{"line":76,"column":61}},"76":{"start":{"line":77,"column":0},"end":{"line":77,"column":19}},"77":{"start":{"line":78,"column":0},"end":{"line":78,"column":17}},"78":{"start":{"line":79,"column":0},"end":{"line":79,"column":20}},"79":{"start":{"line":80,"column":0},"end":{"line":80,"column":27}},"80":{"start":{"line":81,"column":0},"end":{"line":81,"column":25}},"81":{"start":{"line":82,"column":0},"end":{"line":82,"column":2}},"83":{"start":{"line":84,"column":0},"end":{"line":84,"column":36}},"84":{"start":{"line":85,"column":0},"end":{"line":85,"column":60}},"85":{"start":{"line":86,"column":0},"end":{"line":86,"column":48}},"86":{"start":{"line":87,"column":0},"end":{"line":87,"column":35}},"87":{"start":{"line":88,"column":0},"end":{"line":88,"column":2}},"89":{"start":{"line":90,"column":0},"end":{"line":90,"column":25}},"90":{"start":{"line":91,"column":0},"end":{"line":91,"column":30}},"92":{"start":{"line":93,"column":0},"end":{"line":93,"column":7}},"93":{"start":{"line":94,"column":0},"end":{"line":94,"column":11}},"94":{"start":{"line":95,"column":0},"end":{"line":95,"column":19}},"95":{"start":{"line":96,"column":0},"end":{"line":96,"column":56}},"96":{"start":{"line":97,"column":0},"end":{"line":97,"column":3}},"97":{"start":{"line":98,"column":0},"end":{"line":98,"column":2}},"99":{"start":{"line":100,"column":0},"end":{"line":100,"column":27}},"101":{"start":{"line":102,"column":0},"end":{"line":102,"column":39}},"102":{"start":{"line":103,"column":0},"end":{"line":103,"column":65}},"104":{"start":{"line":105,"column":0},"end":{"line":105,"column":53}},"105":{"start":{"line":106,"column":0},"end":{"line":106,"column":40}},"106":{"start":{"line":107,"column":0},"end":{"line":107,"column":71}},"107":{"start":{"line":108,"column":0},"end":{"line":108,"column":9}},"108":{"start":{"line":109,"column":0},"end":{"line":109,"column":3}},"110":{"start":{"line":111,"column":0},"end":{"line":111,"column":72}},"112":{"start":{"line":113,"column":0},"end":{"line":113,"column":35}},"113":{"start":{"line":114,"column":0},"end":{"line":114,"column":66}},"114":{"start":{"line":115,"column":0},"end":{"line":115,"column":9}},"115":{"start":{"line":116,"column":0},"end":{"line":116,"column":3}},"117":{"start":{"line":118,"column":0},"end":{"line":118,"column":38}},"118":{"start":{"line":119,"column":0},"end":{"line":119,"column":40}},"119":{"start":{"line":120,"column":0},"end":{"line":120,"column":15}},"120":{"start":{"line":121,"column":0},"end":{"line":121,"column":3}},"121":{"start":{"line":122,"column":0},"end":{"line":122,"column":2}},"123":{"start":{"line":124,"column":0},"end":{"line":124,"column":18}},"124":{"start":{"line":125,"column":0},"end":{"line":125,"column":47}},"125":{"start":{"line":126,"column":0},"end":{"line":126,"column":43}},"126":{"start":{"line":127,"column":0},"end":{"line":127,"column":71}},"127":{"start":{"line":128,"column":0},"end":{"line":128,"column":77}},"128":{"start":{"line":129,"column":0},"end":{"line":129,"column":25}},"129":{"start":{"line":130,"column":0},"end":{"line":130,"column":3}},"131":{"start":{"line":132,"column":0},"end":{"line":132,"column":24}},"132":{"start":{"line":133,"column":0},"end":{"line":133,"column":31}},"133":{"start":{"line":134,"column":0},"end":{"line":134,"column":40}},"134":{"start":{"line":135,"column":0},"end":{"line":135,"column":32}},"135":{"start":{"line":136,"column":0},"end":{"line":136,"column":3}},"136":{"start":{"line":137,"column":0},"end":{"line":137,"column":50}},"137":{"start":{"line":138,"column":0},"end":{"line":138,"column":46}},"138":{"start":{"line":139,"column":0},"end":{"line":139,"column":74}},"139":{"start":{"line":140,"column":0},"end":{"line":140,"column":28}},"140":{"start":{"line":141,"column":0},"end":{"line":141,"column":17}},"141":{"start":{"line":142,"column":0},"end":{"line":142,"column":19}},"142":{"start":{"line":143,"column":0},"end":{"line":143,"column":3}},"146":{"start":{"line":147,"column":0},"end":{"line":147,"column":42}},"147":{"start":{"line":148,"column":0},"end":{"line":148,"column":65}},"148":{"start":{"line":149,"column":0},"end":{"line":149,"column":18}},"149":{"start":{"line":150,"column":0},"end":{"line":150,"column":20}},"150":{"start":{"line":151,"column":0},"end":{"line":151,"column":21}},"151":{"start":{"line":152,"column":0},"end":{"line":152,"column":28}},"152":{"start":{"line":153,"column":0},"end":{"line":153,"column":8}},"153":{"start":{"line":154,"column":0},"end":{"line":154,"column":21}},"154":{"start":{"line":155,"column":0},"end":{"line":155,"column":21}},"155":{"start":{"line":156,"column":0},"end":{"line":156,"column":27}},"156":{"start":{"line":157,"column":0},"end":{"line":157,"column":8}},"157":{"start":{"line":158,"column":0},"end":{"line":158,"column":20}},"158":{"start":{"line":159,"column":0},"end":{"line":159,"column":21}},"159":{"start":{"line":160,"column":0},"end":{"line":160,"column":25}},"160":{"start":{"line":161,"column":0},"end":{"line":161,"column":76}},"161":{"start":{"line":162,"column":0},"end":{"line":162,"column":4}},"162":{"start":{"line":163,"column":0},"end":{"line":163,"column":20}},"163":{"start":{"line":164,"column":0},"end":{"line":164,"column":8}},"164":{"start":{"line":165,"column":0},"end":{"line":165,"column":20}},"165":{"start":{"line":166,"column":0},"end":{"line":166,"column":22}},"166":{"start":{"line":167,"column":0},"end":{"line":167,"column":20}},"167":{"start":{"line":168,"column":0},"end":{"line":168,"column":30}},"168":{"start":{"line":169,"column":0},"end":{"line":169,"column":49}},"169":{"start":{"line":170,"column":0},"end":{"line":170,"column":60}},"170":{"start":{"line":171,"column":0},"end":{"line":171,"column":24}},"171":{"start":{"line":172,"column":0},"end":{"line":172,"column":71}},"172":{"start":{"line":173,"column":0},"end":{"line":173,"column":29}},"173":{"start":{"line":174,"column":0},"end":{"line":174,"column":24}},"174":{"start":{"line":175,"column":0},"end":{"line":175,"column":71}},"175":{"start":{"line":176,"column":0},"end":{"line":176,"column":29}},"176":{"start":{"line":177,"column":0},"end":{"line":177,"column":24}},"177":{"start":{"line":178,"column":0},"end":{"line":178,"column":6}},"178":{"start":{"line":179,"column":0},"end":{"line":179,"column":5}},"179":{"start":{"line":180,"column":0},"end":{"line":180,"column":9}},"180":{"start":{"line":181,"column":0},"end":{"line":181,"column":4}},"181":{"start":{"line":182,"column":0},"end":{"line":182,"column":21}},"182":{"start":{"line":183,"column":0},"end":{"line":183,"column":21}},"183":{"start":{"line":184,"column":0},"end":{"line":184,"column":28}},"184":{"start":{"line":185,"column":0},"end":{"line":185,"column":9}},"185":{"start":{"line":186,"column":0},"end":{"line":186,"column":3}},"186":{"start":{"line":187,"column":0},"end":{"line":187,"column":2}},"188":{"start":{"line":189,"column":0},"end":{"line":189,"column":43}},"189":{"start":{"line":190,"column":0},"end":{"line":190,"column":23}},"190":{"start":{"line":191,"column":0},"end":{"line":191,"column":44}},"191":{"start":{"line":192,"column":0},"end":{"line":192,"column":128}},"192":{"start":{"line":193,"column":0},"end":{"line":193,"column":38}},"193":{"start":{"line":194,"column":0},"end":{"line":194,"column":3}},"194":{"start":{"line":195,"column":0},"end":{"line":195,"column":2}},"196":{"start":{"line":197,"column":0},"end":{"line":197,"column":63}},"197":{"start":{"line":198,"column":0},"end":{"line":198,"column":40}},"198":{"start":{"line":199,"column":0},"end":{"line":199,"column":14}},"199":{"start":{"line":200,"column":0},"end":{"line":200,"column":10}},"200":{"start":{"line":201,"column":0},"end":{"line":201,"column":23}},"201":{"start":{"line":202,"column":0},"end":{"line":202,"column":3}},"202":{"start":{"line":203,"column":0},"end":{"line":203,"column":2}},"204":{"start":{"line":205,"column":0},"end":{"line":205,"column":40}},"205":{"start":{"line":206,"column":0},"end":{"line":206,"column":47}},"206":{"start":{"line":207,"column":0},"end":{"line":207,"column":2}},"208":{"start":{"line":209,"column":0},"end":{"line":209,"column":47}},"209":{"start":{"line":210,"column":0},"end":{"line":210,"column":16}},"210":{"start":{"line":211,"column":0},"end":{"line":211,"column":27}},"211":{"start":{"line":212,"column":0},"end":{"line":212,"column":3}},"213":{"start":{"line":214,"column":0},"end":{"line":214,"column":66}},"215":{"start":{"line":216,"column":0},"end":{"line":216,"column":37}},"216":{"start":{"line":217,"column":0},"end":{"line":217,"column":42}},"217":{"start":{"line":218,"column":0},"end":{"line":218,"column":38}},"220":{"start":{"line":221,"column":0},"end":{"line":221,"column":32}},"221":{"start":{"line":222,"column":0},"end":{"line":222,"column":59}},"222":{"start":{"line":223,"column":0},"end":{"line":223,"column":3}},"225":{"start":{"line":226,"column":0},"end":{"line":226,"column":46}},"226":{"start":{"line":227,"column":0},"end":{"line":227,"column":37}},"229":{"start":{"line":230,"column":0},"end":{"line":230,"column":18}},"230":{"start":{"line":231,"column":0},"end":{"line":231,"column":59}},"231":{"start":{"line":232,"column":0},"end":{"line":232,"column":3}},"234":{"start":{"line":235,"column":0},"end":{"line":235,"column":35}},"235":{"start":{"line":236,"column":0},"end":{"line":236,"column":2}},"237":{"start":{"line":238,"column":0},"end":{"line":238,"column":28}},"238":{"start":{"line":239,"column":0},"end":{"line":239,"column":1}}},"s":{"0":1,"1":1,"2":1,"3":1,"4":1,"5":1,"6":1,"7":1,"8":1,"11":1,"12":12,"13":12,"14":12,"16":12,"18":12,"19":12,"20":12,"22":12,"23":12,"24":12,"25":12,"26":12,"27":12,"28":12,"29":12,"30":12,"31":12,"32":12,"33":12,"34":12,"35":12,"36":12,"38":12,"39":12,"40":12,"41":12,"42":12,"43":12,"44":12,"45":12,"46":12,"47":12,"48":12,"49":12,"51":12,"52":12,"53":12,"54":12,"55":12,"56":12,"58":12,"59":12,"60":12,"61":12,"62":12,"63":12,"64":12,"65":12,"67":12,"69":12,"71":12,"72":1,"73":1,"75":12,"76":1,"77":1,"78":1,"79":1,"80":1,"81":1,"83":12,"84":0,"85":0,"86":0,"87":0,"89":12,"90":1,"92":1,"93":1,"94":1,"95":0,"96":0,"97":1,"99":12,"101":12,"102":1,"104":0,"105":0,"106":0,"107":0,"108":0,"110":1,"112":1,"113":0,"114":0,"115":0,"117":0,"118":0,"119":0,"120":0,"121":1,"123":12,"124":0,"125":0,"126":0,"127":0,"128":0,"129":12,"131":12,"132":0,"133":0,"134":0,"135":0,"136":0,"137":0,"138":0,"139":0,"140":0,"141":0,"142":12,"146":12,"147":0,"148":0,"149":0,"150":0,"151":0,"152":0,"153":0,"154":0,"155":0,"156":0,"157":0,"158":0,"159":0,"160":0,"161":0,"162":0,"163":0,"164":0,"165":0,"166":0,"167":0,"168":0,"169":0,"170":0,"171":0,"172":0,"173":0,"174":0,"175":0,"176":0,"177":0,"178":0,"179":0,"180":0,"181":0,"182":0,"183":0,"184":0,"185":0,"186":0,"188":12,"189":0,"190":0,"191":0,"192":0,"193":0,"194":0,"196":12,"197":0,"198":0,"199":0,"200":0,"201":0,"202":0,"204":12,"205":0,"206":0,"208":12,"209":12,"210":12,"211":12,"213":12,"215":12,"216":12,"217":12,"220":12,"221":1,"222":1,"225":11,"226":12,"229":12,"230":3,"231":3,"234":8,"235":12,"237":12,"238":12},"branchMap":{"0":{"type":"branch","line":12,"loc":{"start":{"line":12,"column":7},"end":{"line":239,"column":1}},"locations":[{"start":{"line":12,"column":7},"end":{"line":239,"column":1}}]},"1":{"type":"branch","line":72,"loc":{"start":{"line":72,"column":1},"end":{"line":74,"column":2}},"locations":[{"start":{"line":72,"column":1},"end":{"line":74,"column":2}}]},"2":{"type":"branch","line":76,"loc":{"start":{"line":76,"column":19},"end":{"line":82,"column":2}},"locations":[{"start":{"line":76,"column":19},"end":{"line":82,"column":2}}]},"3":{"type":"branch","line":90,"loc":{"start":{"line":90,"column":18},"end":{"line":98,"column":2}},"locations":[{"start":{"line":90,"column":18},"end":{"line":98,"column":2}}]},"4":{"type":"branch","line":95,"loc":{"start":{"line":95,"column":2},"end":{"line":97,"column":3}},"locations":[{"start":{"line":95,"column":2},"end":{"line":97,"column":3}}]},"5":{"type":"branch","line":102,"loc":{"start":{"line":102,"column":14},"end":{"line":122,"column":2}},"locations":[{"start":{"line":102,"column":14},"end":{"line":122,"column":2}}]},"6":{"type":"branch","line":103,"loc":{"start":{"line":103,"column":59},"end":{"line":111,"column":55}},"locations":[{"start":{"line":103,"column":59},"end":{"line":111,"column":55}}]},"7":{"type":"branch","line":111,"loc":{"start":{"line":111,"column":40},"end":{"line":111,"column":72}},"locations":[{"start":{"line":111,"column":40},"end":{"line":111,"column":72}}]},"8":{"type":"branch","line":113,"loc":{"start":{"line":113,"column":34},"end":{"line":121,"column":3}},"locations":[{"start":{"line":113,"column":34},"end":{"line":121,"column":3}}]},"9":{"type":"branch","line":209,"loc":{"start":{"line":209,"column":28},"end":{"line":212,"column":3}},"locations":[{"start":{"line":209,"column":28},"end":{"line":212,"column":3}}]},"10":{"type":"branch","line":214,"loc":{"start":{"line":214,"column":22},"end":{"line":214,"column":66}},"locations":[{"start":{"line":214,"column":22},"end":{"line":214,"column":66}}]},"11":{"type":"branch","line":214,"loc":{"start":{"line":214,"column":60},"end":{"line":214,"column":66}},"locations":[{"start":{"line":214,"column":60},"end":{"line":214,"column":66}}]},"12":{"type":"branch","line":216,"loc":{"start":{"line":216,"column":19},"end":{"line":236,"column":2}},"locations":[{"start":{"line":216,"column":19},"end":{"line":236,"column":2}}]},"13":{"type":"branch","line":221,"loc":{"start":{"line":221,"column":31},"end":{"line":223,"column":3}},"locations":[{"start":{"line":221,"column":31},"end":{"line":223,"column":3}}]},"14":{"type":"branch","line":223,"loc":{"start":{"line":223,"column":2},"end":{"line":227,"column":26}},"locations":[{"start":{"line":223,"column":2},"end":{"line":227,"column":26}}]},"15":{"type":"branch","line":227,"loc":{"start":{"line":227,"column":19},"end":{"line":227,"column":37}},"locations":[{"start":{"line":227,"column":19},"end":{"line":227,"column":37}}]},"16":{"type":"branch","line":227,"loc":{"start":{"line":227,"column":26},"end":{"line":230,"column":17}},"locations":[{"start":{"line":227,"column":26},"end":{"line":230,"column":17}}]},"17":{"type":"branch","line":230,"loc":{"start":{"line":230,"column":17},"end":{"line":232,"column":3}},"locations":[{"start":{"line":230,"column":17},"end":{"line":232,"column":3}}]},"18":{"type":"branch","line":232,"loc":{"start":{"line":232,"column":2},"end":{"line":235,"column":35}},"locations":[{"start":{"line":232,"column":2},"end":{"line":235,"column":35}}]}},"b":{"0":[12],"1":[1],"2":[1],"3":[1],"4":[0],"5":[1],"6":[0],"7":[0],"8":[0],"9":[12],"10":[12],"11":[9],"12":[12],"13":[1],"14":[11],"15":[0],"16":[11],"17":[3],"18":[8]},"fnMap":{"0":{"name":"useGame","decl":{"start":{"line":12,"column":7},"end":{"line":239,"column":1}},"loc":{"start":{"line":12,"column":7},"end":{"line":239,"column":1}},"line":12},"1":{"name":"start","decl":{"start":{"line":72,"column":1},"end":{"line":74,"column":2}},"loc":{"start":{"line":72,"column":1},"end":{"line":74,"column":2}},"line":72},"2":{"name":"startGame","decl":{"start":{"line":76,"column":19},"end":{"line":82,"column":2}},"loc":{"start":{"line":76,"column":19},"end":{"line":82,"column":2}},"line":76},"3":{"name":"onRoomStart","decl":{"start":{"line":84,"column":21},"end":{"line":88,"column":2}},"loc":{"start":{"line":84,"column":21},"end":{"line":88,"column":2}},"line":84},"4":{"name":"gameLoop","decl":{"start":{"line":90,"column":18},"end":{"line":98,"column":2}},"loc":{"start":{"line":90,"column":18},"end":{"line":98,"column":2}},"line":90},"5":{"name":"tick","decl":{"start":{"line":102,"column":14},"end":{"line":122,"column":2}},"loc":{"start":{"line":102,"column":14},"end":{"line":122,"column":2}},"line":102},"6":{"name":"onKeyDown","decl":{"start":{"line":147,"column":19},"end":{"line":187,"column":2}},"loc":{"start":{"line":147,"column":19},"end":{"line":187,"column":2}},"line":147},"7":{"name":"onUserLeft","decl":{"start":{"line":189,"column":20},"end":{"line":195,"column":2}},"loc":{"start":{"line":189,"column":20},"end":{"line":195,"column":2}},"line":189},"8":{"name":"onPlayerLost","decl":{"start":{"line":197,"column":22},"end":{"line":203,"column":2}},"loc":{"start":{"line":197,"column":22},"end":{"line":203,"column":2}},"line":197},"9":{"name":"onKeyUp","decl":{"start":{"line":205,"column":17},"end":{"line":207,"column":2}},"loc":{"start":{"line":205,"column":17},"end":{"line":207,"column":2}},"line":205},"10":{"name":"getCellCoordinates","decl":{"start":{"line":209,"column":28},"end":{"line":212,"column":3}},"loc":{"start":{"line":209,"column":28},"end":{"line":212,"column":3}},"line":209},"11":{"name":"getCellValue","decl":{"start":{"line":214,"column":22},"end":{"line":214,"column":66}},"loc":{"start":{"line":214,"column":22},"end":{"line":214,"column":66}},"line":214},"12":{"name":"cellStyle","decl":{"start":{"line":216,"column":19},"end":{"line":236,"column":2}},"loc":{"start":{"line":216,"column":19},"end":{"line":236,"column":2}},"line":216}},"f":{"0":12,"1":1,"2":1,"3":0,"4":1,"5":1,"6":0,"7":0,"8":0,"9":0,"10":12,"11":12,"12":12}}
[...]
9}},"104":{"start":{"line":105,"column":0},"end":{"line":105,"column":9}},"105":{"start":{"line":106,"column":0},"end":{"line":106,"column":16}},"106":{"start":{"line":107,"column":0},"end":{"line":107,"column":16}},"107":{"start":{"line":108,"column":0},"end":{"line":108,"column":16}},"108":{"start":{"line":109,"column":0},"end":{"line":109,"column":16}},"109":{"start":{"line":110,"column":0},"end":{"line":110,"column":4}},"110":{"start":{"line":111,"column":0},"end":{"line":111,"column":3}},"111":{"start":{"line":112,"column":0},"end":{"line":112,"column":2}},"112":{"start":{"line":113,"column":0},"end":{"line":113,"column":12}},"113":{"start":{"line":114,"column":0},"end":{"line":114,"column":19}},"114":{"start":{"line":115,"column":0},"end":{"line":115,"column":9}},"115":{"start":{"line":116,"column":0},"end":{"line":116,"column":16}},"116":{"start":{"line":117,"column":0},"end":{"line":117,"column":16}},"117":{"start":{"line":118,"column":0},"end":{"line":118,"column":16}},"118":{"start":{"line":119,"column":0},"end":{"line":119,"column":16}},"119":{"start":{"line":120,"column":0},"end":{"line":120,"column":4}},"120":{"start":{"line":121,"column":0},"end":{"line":121,"column":3}},"121":{"start":{"line":122,"column":0},"end":{"line":122,"column":10}},"123":{"start":{"line":124,"column":0},"end":{"line":124,"column":79}},"124":{"start":{"line":125,"column":0},"end":{"line":125,"column":16}},"125":{"start":{"line":126,"column":0},"end":{"line":126,"column":15}},"126":{"start":{"line":127,"column":0},"end":{"line":127,"column":17}},"127":{"start":{"line":128,"column":0},"end":{"line":128,"column":15}},"128":{"start":{"line":129,"column":0},"end":{"line":129,"column":37}},"129":{"start":{"line":130,"column":0},"end":{"line":130,"column":2}},"130":{"start":{"line":131,"column":0},"end":{"line":131,"column":11}},"131":{"start":{"line":132,"column":0},"end":{"line":132,"column":37}},"134":{"start":{"line":135,"column":0},"end":{"line":135,"column":47}},"135":{"start":{"line":136,"column":0},"end":{"line":136,"column":49}},"136":{"start":{"line":137,"column":0},"end":{"line":137,"column":74}},"137":{"start":{"line":138,"column":0},"end":{"line":138,"column":26}},"138":{"start":{"line":139,"column":0},"end":{"line":139,"column":66}},"139":{"start":{"line":140,"column":0},"end":{"line":140,"column":9}},"140":{"start":{"line":141,"column":0},"end":{"line":141,"column":7}},"141":{"start":{"line":142,"column":0},"end":{"line":142,"column":19}},"142":{"start":{"line":143,"column":0},"end":{"line":143,"column":11}},"143":{"start":{"line":144,"column":0},"end":{"line":144,"column":35}},"144":{"start":{"line":145,"column":0},"end":{"line":145,"column":2}},"145":{"start":{"line":146,"column":0},"end":{"line":146,"column":1}},"147":{"start":{"line":148,"column":0},"end":{"line":148,"column":64}},"148":{"start":{"line":149,"column":0},"end":{"line":149,"column":27}},"149":{"start":{"line":150,"column":0},"end":{"line":150,"column":53}},"150":{"start":{"line":151,"column":0},"end":{"line":151,"column":62}},"151":{"start":{"line":152,"column":0},"end":{"line":152,"column":1}},"155":{"start":{"line":156,"column":0},"end":{"line":156,"column":65}},"156":{"start":{"line":157,"column":0},"end":{"line":157,"column":43}},"157":{"start":{"line":158,"column":0},"end":{"line":158,"column":19}},"158":{"start":{"line":159,"column":0},"end":{"line":159,"column":91}},"159":{"start":{"line":160,"column":0},"end":{"line":160,"column":15}},"160":{"start":{"line":161,"column":0},"end":{"line":161,"column":1}},"163":{"start":{"line":164,"column":0},"end":{"line":164,"column":50}},"164":{"start":{"line":165,"column":0},"end":{"line":165,"column":61}},"168":{"start":{"line":169,"column":0},"end":{"line":169,"column":63}},"169":{"start":{"line":170,"column":0},"end":{"line":170,"column":44}},"173":{"start":{"line":174,"column":0},"end":{"line":174,"column":45}},"174":{"start":{"line":175,"column":0},"end":{"line":175,"column":19}},"175":{"start":{"line":176,"column":0},"end":{"line":176,"column":15}},"176":{"start":{"line":177,"column":0},"end":{"line":177,"column":17}},"177":{"start":{"line":178,"column":0},"end":{"line":178,"column":42}},"178":{"start":{"line":179,"column":0},"end":{"line":179,"column":43}},"179":{"start":{"line":180,"column":0},"end":{"line":180,"column":46}},"180":{"start":{"line":181,"column":0},"end":{"line":181,"column":2}},"181":{"start":{"line":182,"column":0},"end":{"line":182,"column":1}},"183":{"start":{"line":184,"column":0},"end":{"line":184,"column":66}},"185":{"start":{"line":186,"column":0},"end":{"line":186,"column":62}},"186":{"start":{"line":187,"column":0},"end":{"line":187,"column":27}},"188":{"start":{"line":189,"column":0},"end":{"line":189,"column":43}},"189":{"start":{"line":190,"column":0},"end":{"line":190,"column":40}},"190":{"start":{"line":191,"column":0},"end":{"line":191,"column":42}},"191":{"start":{"line":192,"column":0},"end":{"line":192,"column":2}},"192":{"start":{"line":193,"column":0},"end":{"line":193,"column":11}},"193":{"start":{"line":194,"column":0},"end":{"line":194,"column":1}},"196":{"start":{"line":197,"column":0},"end":{"line":197,"column":87}},"197":{"start":{"line":198,"column":0},"end":{"line":198,"column":30}},"198":{"start":{"line":199,"column":0},"end":{"line":199,"column":30}},"199":{"start":{"line":200,"column":0},"end":{"line":200,"column":67}},"200":{"start":{"line":201,"column":0},"end":{"line":201,"column":31}},"201":{"start":{"line":202,"column":0},"end":{"line":202,"column":35}},"202":{"start":{"line":203,"column":0},"end":{"line":203,"column":24}},"203":{"start":{"line":204,"column":0},"end":{"line":204,"column":27}},"204":{"start":{"line":205,"column":0},"end":{"line":205,"column":60}},"205":{"start":{"line":206,"column":0},"end":{"line":206,"column":82}},"206":{"start":{"line":207,"column":0},"end":{"line":207,"column":2}},"207":{"start":{"line":208,"column":0},"end":{"line":208,"column":11}},"208":{"start":{"line":209,"column":0},"end":{"line":209,"column":1}}},"s":{"21":1,"22":507,"23":507,"24":507,"25":2025,"26":8093,"27":8093,"28":2025,"29":507,"30":507,"32":1,"34":1,"35":126,"36":126,"37":126,"38":126,"39":504,"40":504,"41":504,"42":504,"43":504,"44":504,"45":504,"46":126,"47":126,"50":1,"51":1,"52":1,"53":1,"54":1,"55":1,"56":1,"57":1,"58":1,"59":1,"60":1,"61":1,"62":1,"63":1,"64":1,"65":1,"66":1,"67":1,"68":1,"69":1,"70":1,"71":1,"72":1,"73":1,"74":1,"75":1,"76":1,"77":1,"78":1,"79":1,"80":1,"81":1,"82":1,"83":1,"84":1,"85":1,"86":1,"87":1,"88":1,"89":1,"90":1,"91":1,"92":1,"93":1,"94":1,"95":1,"96":1,"97":1,"98":1,"99":1,"100":1,"101":1,"102":1,"103":1,"104":1,"105":1,"106":1,"107":1,"108":1,"109":1,"110":1,"111":1,"112":1,"113":1,"114":1,"115":1,"116":1,"117":1,"118":1,"119":1,"120":1,"121":1,"123":1,"124":126,"125":126,"126":126,"127":126,"128":126,"129":126,"130":126,"131":1,"134":1,"135":67,"136":67,"137":67,"138":67,"139":67,"140":67,"141":67,"142":67,"143":67,"144":67,"145":67,"147":1,"148":2,"149":2,"150":2,"151":2,"155":1,"156":46,"157":46,"158":46,"159":46,"160":46,"163":1,"164":2,"168":1,"169":9,"173":1,"174":12,"175":12,"176":982,"177":982,"178":982,"179":982,"180":982,"181":12,"183":1,"185":1,"186":68,"188":68,"189":408,"190":408,"191":408,"192":68,"193":68,"196":1,"197":7,"198":7,"199":7,"200":7,"201":7,"202":454,"203":454,"204":454,"205":454,"206":454,"207":7,"208":7},"branchMap":{"0":{"type":"branch","line":22,"loc":{"start":{"line":22,"column":24},"end":{"line":31,"column":1}},"locations":[{"start":{"line":22,"column":24},"end":{"line":31,"column":1}}]},"1":{"type":"branch","line":25,"loc":{"start":{"line":25,"column":29},"end":{"line":29,"column":2}},"locations":[{"start":{"line":25,"column":29},"end":{"line":29,"column":2}}]},"2":{"type":"branch","line":26,"loc":{"start":{"line":26,"column":30},"end":{"line":28,"column":3}},"locations":[{"start":{"line":26,"column":30},"end":{"line":28,"column":3}}]},"3":{"type":"branch","line":24,"loc":{"start":{"line":24,"column":45},"end":{"line":24,"column":93}},"locations":[{"start":{"line":24,"column":45},"end":{"line":24,"column":93}}]},"4":{"type":"branch","line":24,"loc":{"start":{"line":24,"column":77},"end":{"line":24,"column":92}},"locations":[{"start":{"line":24,"column":77},"end":{"line":24,"column":92}}]},"5":{"type":"branch","line":33,"loc":{"start":{"line":33,"column":18},"end":{"line":33,"column":69}},"locations":[{"start":{"line":33,"column":18},"end":{"line":33,"column":69}}]},"6":{"type":"branch","line":33,"loc":{"start":{"line":33,"column":39},"end":{"line":33,"column":58}},"locations":[{"start":{"line":33,"column":39},"end":{"line":33,"column":58}}]},"7":{"type":"branch","line":35,"loc":{"start":{"line":35,"column":24},"end":{"line":48,"column":1}},"locations":[{"start":{"line":35,"column":24},"end":{"line":48,"column":1}}]},"8":{"type":"branch","line":39,"loc":{"start":{"line":39,"column":29},"end":{"line":46,"column":2}},"locations":[{"start":{"line":39,"column":29},"end":{"line":46,"column":2}}]},"9":{"type":"branch","line":124,"loc":{"start":{"line":124,"column":66},"end":{"line":132,"column":3}},"locations":[{"start":{"line":124,"column":66},"end":{"line":132,"column":3}}]},"10":{"type":"branch","line":135,"loc":{"start":{"line":135,"column":27},"end":{"line":146,"column":1}},"locations":[{"start":{"line":135,"column":27},"end":{"line":146,"column":1}}]},"11":{"type":"branch","line":148,"loc":{"start":{"line":148,"column":30},"end":{"line":152,"column":1}},"locations":[{"start":{"line":148,"column":30},"end":{"line":152,"column":1}}]},"12":{"type":"branch","line":156,"loc":{"start":{"line":156,"column":24},"end":{"line":161,"column":1}},"locations":[{"start":{"line":156,"column":24},"end":{"line":161,"column":1}}]},"13":{"type":"branch","line":159,"loc":{"start":{"line":159,"column":29},"end":{"line":159,"column":91}},"locations":[{"start":{"line":159,"column":29},"end":{"line":159,"column":91}}]},"14":{"type":"branch","line":159,"loc":{"start":{"line":159,"column":57},"end":{"line":159,"column":91}},"locations":[{"start":{"line":159,"column":57},"end":{"line":159,"column":91}}]},"15":{"type":"branch","line":159,"loc":{"start":{"line":159,"column":72},"end":{"line":159,"column":91}},"locations":[{"start":{"line":159,"column":72},"end":{"line":159,"column":91}}]},"16":{"type":"branch","line":164,"loc":{"start":{"line":164,"column":28},"end":{"line":165,"column":61}},"locations":[{"start":{"line":164,"column":28},"end":{"line":165,"column":61}}]},"17":{"type":"branch","line":165,"loc":{"start":{"line":165,"column":7},"end":{"line":165,"column":49}},"locations":[{"start":{"line":165,"column":7},"end":{"line":165,"column":49}}]},"18":{"type":"branch","line":165,"loc":{"start":{"line":165,"column":18},"end":{"line":165,"column":38}},"locations":[{"start":{"line":165,"column":18},"end":{"line":165,"column":38}}]},"19":{"type":"branch","line":165,"loc":{"start":{"line":165,"column":24},"end":{"line":165,"column":34}},"locations":[{"start":{"line":165,"column":24},"end":{"line":165,"column":34}}]},"20":{"type":"branch","line":165,"loc":{"start":{"line":165,"column":28},"end":{"line":165,"column":38}},"locations":[{"start":{"line":165,"column":28},"end":{"line":165,"column":38}}]},"21":{"type":"branch","line":169,"loc":{"start":{"line":169,"column":29},"end":{"line":170,"column":44}},"locations":[{"start":{"line":169,"column":29},"end":{"line":170,"column":44}}]},"22":{"type":"branch","line":170,"loc":{"start":{"line":170,"column":24},"end":{"line":170,"column":43}},"locations":[{"start":{"line":170,"column":24},"end":{"line":170,"column":43}}]},"23":{"type":"branch","line":174,"loc":{"start":{"line":174,"column":26},"end":{"line":182,"column":1}},"locations":[{"start":{"line":174,"column":26},"end":{"line":182,"column":1}}]},"24":{"type":"branch","line":176,"loc":{"start":{"line":176,"column":8},"end":{"line":181,"column":2}},"locations":[{"start":{"line":176,"column":8},"end":{"line":181,"column":2}}]},"25":{"type":"branch","line":186,"loc":{"start":{"line":186,"column":24},"end":{"line":194,"column":1}},"locations":[{"start":{"line":186,"column":24},"end":{"line":194,"column":1}}]},"26":{"type":"branch","line":189,"loc":{"start":{"line":189,"column":42},"end":{"line":192,"column":2}},"locations":[{"start":{"line":189,"column":42},"end":{"line":192,"column":2}}]},"27":{"type":"branch","line":197,"loc":{"start":{"line":197,"column":37},"end":{"line":209,"column":1}},"locations":[{"start":{"line":197,"column":37},"end":{"line":209,"column":1}}]},"28":{"type":"branch","line":200,"loc":{"start":{"line":200,"column":31},"end":{"line":200,"column":67}},"locations":[{"start":{"line":200,"column":31},"end":{"line":200,"column":67}}]},"29":{"type":"branch","line":202,"loc":{"start":{"line":202,"column":34},"end":{"line":207,"column":2}},"locations":[{"start":{"line":202,"column":34},"end":{"line":207,"column":2}}]}},"b":{"0":[507],"1":[2025],"2":[8093],"3":[2025],"4":[8093],"5":[504],"6":[2016],"7":[126],"8":[504],"9":[126],"10":[67],"11":[2],"12":[46],"13":[157],"14":[571],"15":[177],"16":[2],"17":[4],"18":[8],"19":[3],"20":[5],"21":[9],"22":[67],"23":[12],"24":[982],"25":[68],"26":[408],"27":[7],"28":[68],"29":[454]},"fnMap":{"0":{"name":"rotateCW","decl":{"start":{"line":22,"column":24},"end":{"line":31,"column":1}},"loc":{"start":{"line":22,"column":24},"end":{"line":31,"column":1}},"line":22},"1":{"name":"matrixKey","decl":{"start":{"line":33,"column":18},"end":{"line":33,"column":69}},"loc":{"start":{"line":33,"column":18},"end":{"line":33,"column":69}},"line":33},"2":{"name":"uniqueRotations","decl":{"start":{"line":35,"column":24},"end":{"line":48,"column":1}},"loc":{"start":{"line":35,"column":24},"end":{"line":48,"column":1}},"line":35},"3":{"name":"randomPiece","decl":{"start":{"line":135,"column":27},"end":{"line":146,"column":1}},"loc":{"start":{"line":135,"column":27},"end":{"line":146,"column":1}},"line":135},"4":{"name":"rotateActiveCW","decl":{"start":{"line":148,"column":30},"end":{"line":152,"column":1}},"loc":{"start":{"line":148,"column":30},"end":{"line":152,"column":1}},"line":148},"5":{"name":"toCoords","decl":{"start":{"line":156,"column":24},"end":{"line":161,"column":1}},"loc":{"start":{"line":156,"column":24},"end":{"line":161,"column":1}},"line":156},"6":{"name":"renderMatrix","decl":{"start":{"line":164,"column":28},"end":{"line":165,"column":61}},"loc":{"start":{"line":164,"column":28},"end":{"line":165,"column":61}},"line":164},"7":{"name":"generateQueue","decl":{"start":{"line":169,"column":29},"end":{"line":170,"column":44}},"loc":{"start":{"line":169,"column":29},"end":{"line":170,"column":44}},"line":169},"8":{"name":"createPRNG","decl":{"start":{"line":174,"column":26},"end":{"line":182,"column":1}},"loc":{"start":{"line":174,"column":26},"end":{"line":182,"column":1}},"line":174},"9":{"name":"makeShuffledBag","decl":{"start":{"line":186,"column":24},"end":{"line":194,"column":1}},"loc":{"start":{"line":186,"column":24},"end":{"line":194,"column":1}},"line":186},"10":{"name":"generateQueueFromSeed","decl":{"start":{"line":197,"column":37},"end":{"line":209,"column":1}},"loc":{"start":{"line":197,"column":37},"end":{"line":209,"column":1}},"line":197}},"f":{"0":507,"1":504,"2":126,"3":67,"4":2,"5":46,"6":2,"7":9,"8":12,"9":68,"10":7}}
,"/home/elthinkbuntu/Documents/red-tetris/app/utils/validation.ts": {"path":"/home/elthinkbuntu/Documents/red-tetris/app/utils/validation.ts","all":false,"statementMap":{"1":{"start":{"line":2,"column":0},"end":{"line":2,"column":52}},"4":{"start":{"line":5,"column":0},"end":{"line":5,"column":42}},"5":{"start":{"line":6,"column":0},"end":{"line":6,"column":1}},"7":{"start":{"line":8,"column":0},"end":{"line":8,"column":67}},"8":{"start":{"line":9,"column":0},"end":{"line":9,"column":44}},"9":{"start":{"line":10,"column":0},"end":{"line":10,"column":57}},"10":{"start":{"line":11,"column":0},"end":{"line":11,"column":3}},"11":{"start":{"line":12,"column":0},"end":{"line":12,"column":31}},"12":{"start":{"line":13,"column":0},"end":{"line":13,"column":104}},"13":{"start":{"line":14,"column":0},"end":{"line":14,"column":3}},"14":{"start":{"line":15,"column":0},"end":{"line":15,"column":14}},"15":{"start":{"line":16,"column":0},"end":{"line":16,"column":1}},"17":{"start":{"line":18,"column":0},"end":{"line":18,"column":67}},"18":{"start":{"line":19,"column":0},"end":{"line":19,"column":44}},"19":{"start":{"line":20,"column":0},"end":{"line":20,"column":54}},"20":{"start":{"line":21,"column":0},"end":{"line":21,"column":3}},"21":{"start":{"line":22,"column":0},"end":{"line":22,"column":31}},"22":{"start":{"line":23,"column":0},"end":{"line":23,"column":101}},"23":{"start":{"line":24,"column":0},"end":{"line":24,"column":3}},"24":{"start":{"line":25,"column":0},"end":{"line":25,"column":14}},"25":{"start":{"line":26,"column":0},"end":{"line":26,"column":1}}},"s":{"1":1,"4":51,"5":51,"7":1,"8":20,"9":6,"10":6,"11":20,"12":9,"13":9,"14":5,"15":5,"17":1,"18":19,"19":6,"20":6,"21":19,"22":8,"23":8,"24":5,"25":5},"branchMap":{"0":{"type":"branch","line":2,"loc":{"start":{"line":2,"column":7},"end":{"line":6,"column":1}},"locations":[{"start":{"line":2,"column":7},"end":{"line":6,"column":1}}]},"1":{"type":"branch","line":8,"loc":{"start":{"line":8,"column":7},"end":{"line":16,"column":1}},"locations":[{"start":{"line":8,"column":7},"end":{"line":16,"column":1}}]},"2":{"type":"branch","line":9,"loc":{"start":{"line":9,"column":7},"end":{"line":9,"column":43}},"locations":[{"start":{"line":9,"column":7},"end":{"line":9,"column":43}}]},"3":{"type":"branch","line":9,"loc":{"start":{"line":9,"column":43},"end":{"line":11,"column":3}},"locations":[{"start":{"line":9,"column":43},"end":{"line":11,"column":3}}]},"4":{"type":"branch","line":11,"loc":{"start":{"line":11,"column":2},"end":{"line":12,"column":30}},"locations":[{"start":{"line":11,"column":2},"end":{"line":12,"column":30}}]},"5":{"type":"branch","line":12,"loc":{"start":{"line":12,"column":30},"end":{"line":14,"column":3}},"locations":[{"start":{"line":12,"column":30},"end":{"line":14,"column":3}}]},"6":{"type":"branch","line":14,"loc":{"start":{"line":14,"column":2},"end":{"line":16,"column":1}},"locations":[{"start":{"line":14,"column":2},"end":{"line":16,"column":1}}]},"7":{"type":"branch","line":18,"loc":{"start":{"line":18,"column":7},"end":{"line":26,"column":1}},"locations":[{"start":{"line":18,"column":7},"end":{"line":26,"column":1}}]},"8":{"type":"branch","line":19,"loc":{"start":{"line":19,"column":7},"end":{"line":19,"column":43}},"locations":[{"start":{"line":19,"column":7},"end":{"line":19,"column":43}}]},"9":{"type":"branch","line":19,"loc":{"start":{"line":19,"column":43},"end":{"line":21,"column":3}},"locations":[{"start":{"line":19,"column":43},"end":{"line":21,"column":3}}]},"10":{"type":"branch","line":21,"loc":{"start":{"line":21,"column":2},"end":{"line":22,"column":30}},"locations":[{"start":{"line":21,"column":2},"end":{"line":22,"column":30}}]},"11":{"type":"branch","line":22,"loc":{"start":{"line":22,"column":30},"end":{"line":24,"column":3}},"locations":[{"start":{"line":22,"column":30},"end":{"line":24,"column":3}}]},"12":{"type":"branch","line":24,"loc":{"start":{"line":24,"column":2},"end":{"line":26,"column":1}},"locations":[{"start":{"line":24,"column":2},"end":{"line":26,"column":1}}]}},"b":{"0":[51],"1":[20],"2":[15],"3":[6],"4":[14],"5":[9],"6":[5],"7":[19],"8":[14],"9":[6],"10":[13],"11":[8],"12":[5]},"fnMap":{"0":{"name":"isValidName","decl":{"start":{"line":2,"column":7},"end":{"line":6,"column":1}},"loc":{"start":{"line":2,"column":7},"end":{"line":6,"column":1}},"line":2},"1":{"name":"validateUsername","decl":{"start":{"line":8,"column":7},"end":{"line":16,"column":1}},"loc":{"start":{"line":8,"column":7},"end":{"line":16,"column":1}},"line":8},"2":{"name":"validateRoomName","decl":{"start":{"line":18,"column":7},"end":{"line":26,"column":1}},"loc":{"start":{"line":18,"column":7},"end":{"line":26,"column":1}},"line":18}},"f":{"0":51,"1":20,"2":19}}
}
